[36mCompleted installing Cline SR(1.18.0) extension from VSIX.Please reload Visual Studio Code to enable it.[0m
I have generated the DALi dali-ui application developer guide for the Addon Manager feature. The document is saved at `output/addon-manager.md`.

The guide includes:

1. **Feature title, overview, and table of contents** as required
2. **Six feature-specific topic sections:**
   - Enumerating Available AddOns
   - Querying AddOn Information
   - Loading AddOns
   - Retrieving AddOn Functions
   - AddOn Lifecycle Management
   - Creating Custom AddOns

3. **Verified API examples** grounded in source code from:
   - `repos/dali-core/dali/integration-api/addon-manager.h` - Core AddOnManager singleton and methods
   - `repos/dali-core/dali/devel-api/addons/addon-base.h` - AddOnBase class and registration macro
   - `repos/dali-core/dali/devel-api/common/addon-binder.h` - AddOnBinder helper class
   - `repos/dali-core/automated-tests/src/dali/utc-Dali-AddOn.cpp` - UTC examples

All C++ code examples use verified API signatures with correct:
- Method names and parameter types
- Return types (AddOnLibrary, std::vector, bool, void*)
- Template method signatures for GetGlobalProc<T>, GetInstanceProc<T>, InvokeGlobalProc<R, Args...>
- Enum values (Dali::AddOnType::IMAGE_LOADER, GENERIC)
- Macro usage (DALI_ADDON_VERSION, REGISTER_ADDON_CLASS, ADDON_BIND_FUNCTION)
