-----BEGIN_REVISED_MARKDOWN-----
---
title: Image Loader
sidebar_label: Image Loader
category: images-visuals
---

# Image Loader

`Dali::Ui::AsyncImageLoader` loads image pixel data from URLs asynchronously for dali-ui apps, and `Dali::Ui::ImageUrl` exposes externally supplied image resources, such as encoded image buffers, through URL strings.

## Table of Contents

- [Loading image data without blocking the UI](#loading-image-data-without-blocking-the-ui)
- [Matching load results to a `Dali::Ui::View`](#matching-load-results-to-a-daliuiview)
- [Cancelling obsolete requests](#cancelling-obsolete-requests)
- [Using encoded buffers as image URLs](#using-encoded-buffers-as-image-urls)
- [Working with image-loader handles](#working-with-image-loader-handles)

## Loading image data without blocking the UI

Create a loader with `Dali::Ui::AsyncImageLoader::New()`. The loader starts image loading work on a worker thread; your `Dali::Ui::View` owner should keep the loader alive for as long as pending image requests can complete.

Connect `Dali::Ui::AsyncImageLoader::ImageLoadedSignal()` before calling `Dali::Ui::AsyncImageLoader::Load()`. The signal emits the task ID returned from `Load()` and the loaded pixel data, so the callback can decide which view state to update.

```cpp
class ThumbnailLoader
{
public:
  explicit ThumbnailLoader(Dali::Ui::View ownerView)
  : mOwnerView(ownerView),
    mLoader(Dali::Ui::AsyncImageLoader::New())
  {
    mLoader.ImageLoadedSignal().Connect(this, &ThumbnailLoader::OnImageLoaded);
  }

  void LoadThumbnail(const Dali::String& imageUrl)
  {
    mTaskId = mLoader.Load(imageUrl, Dali::ImageDimensions(160u, 160u));
  }

private:
  void OnImageLoaded(uint32_t loadedTaskId, Dali::PixelData pixelData)
  {
    if(loadedTaskId != mTaskId)
    {
      return;
    }

    if(pixelData)
    {
      // Use the loaded pixel data to update image presentation owned by mOwnerView.
    }
  }

  Dali::Ui::View             mOwnerView;
  Dali::Ui::AsyncImageLoader mLoader;
  uint32_t                   mTaskId{0u};
};
```

`Dali::Ui::AsyncImageLoader::Load()` has a size-aware form that accepts `Dali::ImageDimensions`. Use this when the view already knows the intended image size, such as a thumbnail, tile, or avatar slot.

```cpp
uint32_t RequestTileImage(Dali::Ui::AsyncImageLoader& loader, const Dali::String& url)
{
  return loader.Load(url, Dali::ImageDimensions(320u, 180u));
}
```

## Matching load results to a `Dali::Ui::View`

A single `Dali::Ui::AsyncImageLoader` can start more than one request. Store each task ID returned by `Dali::Ui::AsyncImageLoader::Load()` and compare it in the callback connected through `Dali::Ui::AsyncImageLoader::ImageLoadedSignal()`.

This is especially important when a `Dali::Ui::View` is reused for changing data, such as a gallery cell or search result row. An older request may complete after the view has been rebound to a different image.

```cpp
class ProfileImageSet
{
public:
  explicit ProfileImageSet(Dali::Ui::View ownerView)
  : mOwnerView(ownerView),
    mLoader(Dali::Ui::AsyncImageLoader::New())
  {
    mLoader.ImageLoadedSignal().Connect(this, &ProfileImageSet::OnImageLoaded);
  }

  void LoadImages(const Dali::String& avatarUrl, const Dali::String& bannerUrl)
  {
    mAvatarTaskId = mLoader.Load(avatarUrl, Dali::ImageDimensions(96u, 96u));
    mBannerTaskId = mLoader.Load(bannerUrl, Dali::ImageDimensions(640u, 240u));
  }

private:
  void OnImageLoaded(uint32_t loadedTaskId, Dali::PixelData pixelData)
  {
    if(!pixelData)
    {
      return;
    }

    if(loadedTaskId == mAvatarTaskId)
    {
      // Apply avatar pixel data to the avatar presentation for mOwnerView.
      return;
    }

    if(loadedTaskId == mBannerTaskId)
    {
      // Apply banner pixel data to the banner presentation for mOwnerView.
      return;
    }
  }

  Dali::Ui::View             mOwnerView;
  Dali::Ui::AsyncImageLoader mLoader;
  uint32_t                   mAvatarTaskId{0u};
  uint32_t                   mBannerTaskId{0u};
};
```

The callback should treat an invalid pixel data handle as a load failure. Keep failure handling local to the owning view or controller, because `Dali::Ui::AsyncImageLoader` reports completion and loaded data rather than deciding how the app should present errors.

## Cancelling obsolete requests

Use `Dali::Ui::AsyncImageLoader::Cancel()` when one request is no longer useful. It returns `true` when the task is removed while it is still queued. If loading has already progressed far enough that it cannot be removed, `Cancel()` returns `false`.

```cpp
class SearchResultImage
{
public:
  explicit SearchResultImage(Dali::Ui::View ownerView)
  : mOwnerView(ownerView),
    mLoader(Dali::Ui::AsyncImageLoader::New())
  {
    mLoader.ImageLoadedSignal().Connect(this, &SearchResultImage::OnImageLoaded);
  }

  void ReplaceImage(const Dali::String& nextUrl)
  {
    if(mTaskId != 0u)
    {
      const bool removedFromQueue = mLoader.Cancel(mTaskId);
      (void)removedFromQueue;
    }

    mTaskId = mLoader.Load(nextUrl, Dali::ImageDimensions(240u, 240u));
  }

private:
  void OnImageLoaded(uint32_t loadedTaskId, Dali::PixelData pixelData)
  {
    if(loadedTaskId == mTaskId && pixelData)
    {
      // Update the current search-result image presentation.
    }
  }

  Dali::Ui::View             mOwnerView;
  Dali::Ui::AsyncImageLoader mLoader;
  uint32_t                   mTaskId{0u};
};
```

Use `Dali::Ui::AsyncImageLoader::CancelAll()` when all queued work tracked by the loader is obsolete, such as when clearing a list, replacing a gallery data source, or destroying the owner.

```cpp
class GalleryPageImages
{
public:
  explicit GalleryPageImages(Dali::Ui::View pageView)
  : mPageView(pageView),
    mLoader(Dali::Ui::AsyncImageLoader::New())
  {
    mLoader.ImageLoadedSignal().Connect(this, &GalleryPageImages::OnImageLoaded);
  }

  ~GalleryPageImages()
  {
    mLoader.CancelAll();
  }

  void Reset()
  {
    mLoader.CancelAll();
    mHeroTaskId = 0u;
  }

private:
  void OnImageLoaded(uint32_t loadedTaskId, Dali::PixelData pixelData)
  {
    if(loadedTaskId == mHeroTaskId && pixelData)
    {
      // Apply the loaded hero image for mPageView.
    }
  }

  Dali::Ui::View             mPageView;
  Dali::Ui::AsyncImageLoader mLoader;
  uint32_t                   mHeroTaskId{0u};
};
```

## Using encoded buffers as image URLs

`Dali::Ui::ImageUrl` can wrap an encoded image buffer and provide a URL string through `Dali::Ui::ImageUrl::GetUrl()`. Create it with `Dali::Ui::ImageUrl::New()` and keep the returned handle alive while the generated URL is still being used by the app's image presentation.

```cpp
class EncodedPreviewImage
{
public:
  explicit EncodedPreviewImage(Dali::Ui::View ownerView)
  : mOwnerView(ownerView)
  {
  }

  const Dali::String& UseEncodedBuffer(const Dali::EncodedImageBuffer& encodedImageBuffer)
  {
    mImageUrl = Dali::Ui::ImageUrl::New(encodedImageBuffer);
    return mImageUrl.GetUrl();
  }

  const Dali::String& CurrentUrl() const
  {
    return mImageUrl.GetUrl();
  }

private:
  Dali::Ui::View     mOwnerView;
  Dali::Ui::ImageUrl mImageUrl;
};
```

When the `Dali::Ui::ImageUrl` handle is destroyed, it requests removal of its external resource URL. A visual that references the same buffer can keep its own resource reference, so store the `ImageUrl` handle with the view state that owns the corresponding image usage.

```cpp
class ImageUrlStore
{
public:
  void SetImageUrl(const Dali::Ui::ImageUrl& imageUrl)
  {
    mImageUrl = imageUrl;
  }

  const Dali::String& GetUrl() const
  {
    return mImageUrl.GetUrl();
  }

private:
  Dali::Ui::ImageUrl mImageUrl;
};
```

## Working with image-loader handles

`Dali::Ui::AsyncImageLoader` and `Dali::Ui::ImageUrl` are handle types. Use `Dali::Ui::AsyncImageLoader::DownCast()` and `Dali::Ui::ImageUrl::DownCast()` when framework-level code passes a generic `Dali::BaseHandle` and the app needs to recover the typed handle.

```cpp
Dali::Ui::AsyncImageLoader GetImageLoader(Dali::BaseHandle handle)
{
  return Dali::Ui::AsyncImageLoader::DownCast(handle);
}

Dali::Ui::ImageUrl GetImageUrl(Dali::BaseHandle handle)
{
  return Dali::Ui::ImageUrl::DownCast(handle);
}
```

Move construction and move assignment are available for both `Dali::Ui::AsyncImageLoader` and `Dali::Ui::ImageUrl`, which is useful when transferring ownership between view-controller objects.

```cpp
Dali::Ui::AsyncImageLoader CreateLoader()
{
  Dali::Ui::AsyncImageLoader loader = Dali::Ui::AsyncImageLoader::New();
  return loader;
}

void ReplaceLoader(Dali::Ui::AsyncImageLoader& target)
{
  Dali::Ui::AsyncImageLoader replacement = Dali::Ui::AsyncImageLoader::New();
  target = std::move(replacement);
}

Dali::Ui::ImageUrl KeepImageUrl(Dali::Ui::ImageUrl imageUrl)
{
  Dali::Ui::ImageUrl stored = std::move(imageUrl);
  return stored;
}
```
-----END_REVISED_MARKDOWN-----
-----BEGIN_PROSE_REVIEW_REPORT-----
# Image Loader Prose Review

Changed prose:
- Clarified the overview so `Dali::Ui::AsyncImageLoader` is described as loading pixel data from URLs asynchronously, and `Dali::Ui::ImageUrl` as exposing externally supplied image resources through URL strings.
- Replaced "owns the asynchronous request flow" with a more source-grounded statement that the loader starts image loading work on a worker thread.
- Changed the signal description from "uses the task ID" to "emits the task ID" to match `ImageLoadedSignalType`.
- Changed "The old request may complete" to "An older request may complete" for clearer guide flow.
- Narrowed `CancelAll()` prose from "all pending work owned by the loader" to "all queued work tracked by the loader".
- Revised `ImageUrl` lifetime prose to say destruction requests removal of the external resource URL, while visuals can keep their own resource references.

Source evidence:
- `repos/dali-ui/dali-ui-foundation/public-api/image-loader/async-image-loader.h`: `AsyncImageLoader` loads pixel data from a URL asynchronously, uses a worker thread, returns task IDs from `Load()`, and recommends connecting `ImageLoadedSignal()` before `Load()`.
- `repos/dali-ui/dali-ui-foundation/public-api/image-loader/async-image-loader.h`: `ImageLoadedSignalType` is `Signal<void(uint32_t, PixelData)>`, and invalid `PixelData` indicates load failure.
- `repos/dali-ui/dali-ui-foundation/internal/image-loader/async-image-loader-impl.cpp`: `Load()` adds a loading task to `AsyncTaskManager`, stores tracked tasks, `Cancel()` removes tracked tasks, `CancelAll()` removes tracked tasks and clears the list, and the destructor calls `CancelAll()`.
- `repos/dali-ui/dali-ui-foundation/public-api/image-loader/image-url.h`: `ImageUrl::New(const EncodedImageBuffer&)`, `ImageUrl::GetUrl()`, copy/move operations, and `DownCast()` are public APIs.
- `repos/dali-ui/dali-ui-foundation/internal/image-loader/image-url-impl.cpp`: `ImageUrl` adds an encoded image buffer to the texture manager and requests external resource removal for its URL in the destructor.
- `repos/dali-ui/dali-ui-foundation/internal/visuals/visual-url.cpp` and `repos/dali-ui/dali-ui-foundation/internal/texture-manager/texture-cache-manager.cpp`: visual resource references can increase and decrease encoded-buffer reference counts.

Remaining concerns:
- The code blocks were preserved as requested and were not compile-tested in this read-only review pass.
- The examples intentionally leave image presentation updates as comments because the allowed image-loader API surface does not include a specific public visual/property binding path for applying `PixelData` to a `Dali::Ui::View`.
-----END_PROSE_REVIEW_REPORT-----
