-----BEGIN_REVISED_MARKDOWN-----
---
title: Trait Id
sidebar_label: Trait Id
category: utilities
---

# Trait Id

`Dali::Ui::TraitId` is a lightweight handle that identifies a logical trait type used with `Dali::Ui::View`.

## Table of Contents

- [Allocate a Stable Trait Identifier](#allocate-a-stable-trait-identifier)
- [Compare Trait Identifiers](#compare-trait-identifiers)
- [Use the Raw Value for Diagnostics](#use-the-raw-value-for-diagnostics)

## Allocate a Stable Trait Identifier

Use `Dali::Ui::TraitId::Alloc()` once for each logical trait type, then reuse that `Dali::Ui::TraitId` wherever your dali-ui application or extension code needs to recognize that trait. Store the result in static storage so the same trait role keeps one identifier during the process lifetime.

```cpp
#include <dali-ui-foundation/public-api/trait-id.h>

namespace
{
const Dali::Ui::TraitId kSelectionStateTraitId = Dali::Ui::TraitId::Alloc();
const Dali::Ui::TraitId kValidationStateTraitId = Dali::Ui::TraitId::Alloc();
}

Dali::Ui::TraitId GetSelectionStateTraitId()
{
  return kSelectionStateTraitId;
}

Dali::Ui::TraitId GetValidationStateTraitId()
{
  return kValidationStateTraitId;
}
```

Avoid allocating a new `Dali::Ui::TraitId` each time you inspect or attach behavior for a `Dali::Ui::View`. Each call to `Dali::Ui::TraitId::Alloc()` returns a new identifier.

```cpp
#include <dali-ui-foundation/public-api/trait-id.h>

namespace
{
const Dali::Ui::TraitId kKeyboardFocusTraitId = Dali::Ui::TraitId::Alloc();
}

Dali::Ui::TraitId KeyboardFocusTraitId()
{
  return kKeyboardFocusTraitId;
}
```

## Compare Trait Identifiers

`Dali::Ui::TraitId` supports direct equality checks with `Dali::Ui::TraitId::operator==` and inequality checks with `Dali::Ui::TraitId::operator!=`. This is the usual way to route trait-specific logic in a View-oriented code path.

```cpp
#include <dali-ui-foundation/public-api/trait-id.h>

namespace
{
const Dali::Ui::TraitId kSelectionTraitId = Dali::Ui::TraitId::Alloc();
const Dali::Ui::TraitId kActivationTraitId = Dali::Ui::TraitId::Alloc();
}

bool IsSelectionTrait(Dali::Ui::TraitId traitId)
{
  return traitId == kSelectionTraitId;
}

bool IsDifferentTrait(Dali::Ui::TraitId lhs, Dali::Ui::TraitId rhs)
{
  return lhs != rhs;
}

const char* GetTraitName(Dali::Ui::TraitId traitId)
{
  if(traitId == kSelectionTraitId)
  {
    return "selection";
  }

  if(traitId == kActivationTraitId)
  {
    return "activation";
  }

  return "unknown";
}
```

When a callback or helper receives a `Dali::Ui::TraitId`, compare it against the identifiers owned by your feature instead of comparing against newly allocated values.

```cpp
#include <dali-ui-foundation/public-api/trait-id.h>

namespace
{
const Dali::Ui::TraitId kEnabledStateTraitId = Dali::Ui::TraitId::Alloc();
}

bool ShouldUpdateEnabledState(Dali::Ui::TraitId changedTraitId)
{
  return changedTraitId == kEnabledStateTraitId;
}
```

## Use the Raw Value for Diagnostics

`Dali::Ui::TraitId::value` exposes the numeric identifier. Use it for diagnostics, logging, or in-memory lookup keys when you need a plain integer representation. Keep identity checks in normal application logic based on `Dali::Ui::TraitId::operator==` or `Dali::Ui::TraitId::operator!=`, and do not treat the numeric value as a persistent file or configuration ID.

```cpp
#include <cstdint>
#include <dali-ui-foundation/public-api/trait-id.h>

uint32_t GetTraitDebugValue(Dali::Ui::TraitId traitId)
{
  return traitId.value;
}
```

A compact diagnostic record can store both the `Dali::Ui::TraitId` and its `Dali::Ui::TraitId::value` without introducing a separate application-level identifier.

```cpp
#include <cstdint>
#include <dali-ui-foundation/public-api/trait-id.h>

struct TraitDebugRecord
{
  Dali::Ui::TraitId traitId;
  uint32_t numericValue;
};

TraitDebugRecord MakeTraitDebugRecord(Dali::Ui::TraitId traitId)
{
  return TraitDebugRecord{
    traitId,
    traitId.value
  };
}
```
-----END_REVISED_MARKDOWN-----
-----BEGIN_PROSE_REVIEW_REPORT-----
# Trait Id Prose Review

Changed prose:
- Clarified the overview from "identifier for distinguishing trait types" to "lightweight handle that identifies a logical trait type" to match the public header wording.
- Added `()` to prose references to `Dali::Ui::TraitId::Alloc()` for API clarity.
- Changed "stable identifier" wording to "one identifier during the process lifetime" because `TraitId::Alloc()` is runtime allocation backed by an internal counter.
- Changed "Repeated calls ... intentionally create different identifiers" to "Each call ... returns a new identifier" to align directly with the public API contract.
- Changed "temporary values" to "newly allocated values" because the real pitfall is calling `Alloc()` again, not temporary object lifetime.
- Narrowed raw `value` guidance to diagnostics, logging, and in-memory lookup keys, and added that it should not be treated as a persistent file or configuration ID.
- Replaced "without using raw Actor property idioms" with "without introducing a separate application-level identifier" because the Actor property comparison was not directly evidenced by `TraitId` sources.

Source evidence:
- `repos/dali-ui/dali-ui-foundation/public-api/trait-id.h`: `TraitId` is documented as a lightweight handle for unique trait identifiers; extension or application code should allocate IDs with `TraitId::Alloc()` and store them statically so each logical trait gets exactly one ID.
- `repos/dali-ui/dali-ui-foundation/public-api/trait-id.h`: `operator==` and `operator!=` compare `value`.
- `repos/dali-ui/dali-ui-foundation/public-api/trait-id.h`: `value` is a public `uint32_t`.
- `repos/dali-ui/dali-ui-foundation/public-api/trait-id.cpp`: `TraitId::Alloc()` uses a static atomic counter and returns `counter.fetch_add(1u, std::memory_order_relaxed)`, so each allocation returns the next runtime value.
- `repos/dali-ui/dali-ui-foundation/internal/views/view/view-data-impl.cpp`: trait storage and lookup compare `TraitId` values when setting, getting, and removing traits for a `View`.
- `repos/dali-ui/automated-tests/src/dali-ui-foundation/utc-Dali-View.cpp`: test trait IDs are allocated once as static constants and reused.

Remaining concerns:
- The guide necessarily stays high-level because `TraitId` itself is a small identifier type; most attach/get/remove behavior is exposed through integration APIs rather than a public application-level trait attachment API.
-----END_PROSE_REVIEW_REPORT-----
