-----BEGIN_REVISED_MARKDOWN-----
---
title: Ui Color
sidebar_label: Ui Color
category: styling-theme-config
---

# Ui Color

`Dali::Ui::UiColor` represents dali-ui colors as either direct RGBA values or theme-resolved color IDs.

## Table of Contents

- [Use `UiColor` with dali-ui views](#use-uicolor-with-dali-ui-views)
- [Choose theme colors or direct RGBA colors](#choose-theme-colors-or-direct-rgba-colors)
- [Inspect and resolve colors](#inspect-and-resolve-colors)
- [Adjust alpha without losing the original color intent](#adjust-alpha-without-losing-the-original-color-intent)

## Use `UiColor` with dali-ui views

In a dali-ui application, use `Dali::Ui::UiColor` with `Dali::Ui::View` color APIs instead of setting raw actor properties. A view can receive a predefined theme color such as `Dali::Ui::UiColor::BACKGROUND` or `Dali::Ui::UiColor::PRIMARY`.

```cpp
#include <dali-ui-foundation/dali-ui-foundation.h>

void ApplyPanelColors(Dali::Ui::View& panel, Dali::Ui::View& action)
{
  panel.SetBackgroundColor(Dali::Ui::UiColor::BACKGROUND);
  action.SetBackgroundColor(Dali::Ui::UiColor::PRIMARY);
}
```

`Dali::Ui::View::SetBackgroundColor` accepts a `const Dali::Ui::UiColor&` and returns the view, so it fits normal dali-ui fluent chaining.

```cpp
#include <dali-ui-foundation/dali-ui-foundation.h>

Dali::Ui::View MakePrimaryTile()
{
  return Dali::Ui::View::New()
    .SetBackgroundColor(Dali::Ui::UiColor::PRIMARY);
}
```

When a `Dali::Ui::UiColor` contains a color ID, `Dali::Ui::View::SetBackgroundColor` resolves it from the current theme and registers a binding so the background is refreshed when the theme changes. When a direct RGBA `Dali::Ui::UiColor` is applied, the direct value is used immediately and any previous ID-based binding for that view background is removed.

## Choose theme colors or direct RGBA colors

Use the predefined ID colors when the color should follow the active theme:

```cpp
#include <dali-ui-foundation/dali-ui-foundation.h>

void ApplyThemeRoleColors(Dali::Ui::View& root, Dali::Ui::View& primarySurface, Dali::Ui::View& outlineSurface)
{
  root.SetBackgroundColor(Dali::Ui::UiColor::BACKGROUND);
  primarySurface.SetBackgroundColor(Dali::Ui::UiColor::PRIMARY);
  outlineSurface.SetBackgroundColor(Dali::Ui::UiColor::OUTLINE);
}
```

Use the RGBA constructor `Dali::Ui::UiColor(float r, float g, float b, float a = 1.0f)` when a color should be fixed by the application rather than resolved from the theme.

```cpp
#include <dali-ui-foundation/dali-ui-foundation.h>

void ApplyFixedStateColors(Dali::Ui::View& success, Dali::Ui::View& warning)
{
  const Dali::Ui::UiColor successGreen(0.0f, 0.70f, 0.25f, 1.0f);
  const Dali::Ui::UiColor warningAmber(1.0f, 0.65f, 0.0f);

  success.SetBackgroundColor(successGreen);
  warning.SetBackgroundColor(warningAmber);
}
```

The four RGBA components are floating-point values. The alpha argument defaults to `1.0f`, so `Dali::Ui::UiColor(1.0f, 0.0f, 0.0f)` creates an opaque red color. `Dali::Ui::UiColor` also has constructors for `Dali::Vector4`, string color IDs, and `0xRRGGBB` hex values.

## Inspect and resolve colors

`Dali::Ui::UiColor::HasColorId` tells you whether the color is ID-based. `Dali::Ui::UiColor::GetColorId` returns the ID string for ID-based colors, or an empty string for direct RGBA colors.

```cpp
#include <dali-ui-foundation/dali-ui-foundation.h>

bool IsPrimaryRole(const Dali::Ui::UiColor& color)
{
  return color.HasColorId() && color.GetColorId() == "Primary";
}
```

`Dali::Ui::UiColor::GetRgba` resolves the color to a `Dali::Vector4`. Direct RGBA colors return their stored components. ID-based colors are looked up from the current theme when they are resolved; if the ID is not found, the fallback value is returned.

```cpp
#include <dali-ui-foundation/dali-ui-foundation.h>

float ResolvedAlpha(const Dali::Ui::UiColor& color)
{
  const Dali::Vector4 rgba = color.GetRgba();
  return rgba.a;
}
```

`Dali::Ui::UiColor` also provides `Dali::Ui::UiColor::operator Vector4`, which is equivalent to resolving with `Dali::Ui::UiColor::GetRgba`.

```cpp
#include <dali-ui-foundation/dali-ui-foundation.h>

Dali::Vector4 ResolveForComparison(const Dali::Ui::UiColor& color)
{
  Dali::Vector4 rgba = color;
  return rgba;
}
```

For normal view styling, pass `Dali::Ui::UiColor` to dali-ui view APIs and let the view keep the theme-aware value. Use `Dali::Ui::UiColor::GetRgba` when you specifically need a resolved numeric color, such as for comparison or custom calculations.

## Adjust alpha without losing the original color intent

Use `Dali::Ui::UiColor::WithAlpha` to replace the alpha value and return a new `Dali::Ui::UiColor`.

```cpp
#include <dali-ui-foundation/dali-ui-foundation.h>

void ApplyDimmedPrimary(Dali::Ui::View& view)
{
  const Dali::Ui::UiColor dimmedPrimary = Dali::Ui::UiColor::PRIMARY.WithAlpha(0.40f);
  view.SetBackgroundColor(dimmedPrimary);
}
```

Use `Dali::Ui::UiColor::ScaleAlpha` to multiply the current alpha and return a new `Dali::Ui::UiColor`.

```cpp
#include <dali-ui-foundation/dali-ui-foundation.h>

void ApplyPressedState(Dali::Ui::View& view)
{
  const Dali::Ui::UiColor pressed = Dali::Ui::UiColor::PRIMARY.ScaleAlpha(0.75f);
  view.SetBackgroundColor(pressed);
}
```

Both alpha helpers preserve the distinction between direct RGBA colors and ID-based colors. For example, a color derived from `Dali::Ui::UiColor::PRIMARY` still has the `"Primary"` color ID after alpha adjustment.

```cpp
#include <dali-ui-foundation/dali-ui-foundation.h>

bool KeepsThemeRoleAfterAlphaChange()
{
  const Dali::Ui::UiColor color = Dali::Ui::UiColor::PRIMARY.WithAlpha(0.5f).ScaleAlpha(0.5f);

  return color.HasColorId() && color.GetColorId() == "Primary";
}
```

Alpha values are clamped to the valid range when using `Dali::Ui::UiColor::WithAlpha` or `Dali::Ui::UiColor::ScaleAlpha`.

```cpp
#include <dali-ui-foundation/dali-ui-foundation.h>

Dali::Ui::UiColor MakeVisibleOverlay()
{
  return Dali::Ui::UiColor(0.0f, 0.0f, 0.0f, 0.80f)
    .ScaleAlpha(0.5f);
}
```
-----END_REVISED_MARKDOWN-----
-----BEGIN_PROSE_REVIEW_REPORT-----
# Ui Color Prose Review

Changed prose:
- Narrowed the overview from "colors for dali-ui views" to "dali-ui colors" because `Dali::Ui::UiColor` is a general color value used by multiple dali-ui APIs, while the guide still focuses on `Dali::Ui::View` examples.
- Clarified `Dali::Ui::View::SetBackgroundColor` behavior: ID colors are resolved from the current theme and registered for theme-refresh binding; direct RGBA colors are applied immediately and clear the previous ID binding.
- Added one sentence noting the public `Dali::Vector4`, string color ID, and `0xRRGGBB` constructors.
- Added the fallback behavior for `Dali::Ui::UiColor::GetRgba` when an ID cannot be found.
- Kept all code blocks unchanged because they match the public API and sample usage.

Source evidence:
- `repos/dali-ui/dali-ui-foundation/public-api/ui-color.h` declares `Dali::Ui::UiColor`, predefined `PRIMARY`, `BACKGROUND`, and `OUTLINE`, RGBA/string/`Dali::Vector4`/hex constructors, `HasColorId`, `GetColorId`, `GetRgba`, `operator Vector4`, `WithAlpha`, and `ScaleAlpha`.
- `repos/dali-ui/dali-ui-foundation/public-api/ui-color.cpp` defines predefined IDs as `"Primary"`, `"Background"`, and `"Outline"`, resolves ID colors through `UiColorManager`, returns `Vector4::ZERO` when a token cannot be resolved, and clamps alpha in `WithAlpha` and `ScaleAlpha`.
- `repos/dali-ui/dali-ui-foundation/public-api/view.h` documents that `SetBackgroundColor` registers a theme-aware binding for ID colors and removes the previous ID-based binding for direct RGBA colors.
- `repos/dali-ui/dali-ui-foundation/public-api/view.cpp` confirms `SetBackgroundColor` returns `View&` for fluent chaining.
- `repos/dali-ui/dali-ui-foundation/public-api/view-impl.h` confirms the binding path: `RegisterBinding`/`SetBindingColor` for ID colors, `ClearBinding` for direct colors, then immediate setter application.
- `repos/dali-ui/automated-tests/src/dali-ui-foundation/utc-Dali-UiColor.cpp` verifies default/RGBA/string/hex construction, predefined IDs, alpha clamping, preservation of color IDs after alpha changes, and non-mutating alpha helpers.
- `repos/dali-ui/samples/color-controls/color-controls-example.cpp` shows app-facing `Dali::Ui::View`/`Layout` usage with `SetBackgroundColor(UiColor::BACKGROUND)`, `SetBackgroundColor(UiColor::PRIMARY)`, and custom string IDs.

Remaining concerns:
- The guide intentionally remains focused on `Dali::Ui::View::SetBackgroundColor`; it does not expand into every API that accepts `Dali::Ui::UiColor`.
- Custom string color IDs are mentioned through constructor coverage and sample evidence, but no new custom-ID example was added to avoid restructuring the draft.
-----END_PROSE_REVIEW_REPORT-----
