[36mCompleted installing Cline SR(1.19.1) extension from VSIX.Please reload Visual Studio Code to enable it.[0m
-----BEGIN_REVISED_MARKDOWN-----
---
title: Focus Manager
sidebar_label: Focus Manager
category: input-interaction
---

# Focus Manager

The Focus Manager provides keyboard and directional focus navigation for dali-ui applications. It maintains the focus chain, handles focus movement between views, and emits signals when focus changes.

## Table of Contents

- [Getting the Focus Manager](#getting-the-focus-manager)
- [Setting and Requesting Focus](#setting-and-requesting-focus)
- [Moving Focus](#moving-focus)
- [Focus Groups](#focus-groups)
- [Directional Focus Properties](#directional-focus-properties)
- [Focus Navigation Callbacks](#focus-navigation-callbacks)
- [Focus Indicator](#focus-indicator)
- [Focus Change Signals](#focus-change-signals)
- [Window Focus Behavior](#window-focus-behavior)

## Getting the Focus Manager

The `FocusManager` is a singleton. Access it using the static `Get()` method:

```cpp
#include <dali-ui-foundation/dali-ui-foundation.h>

using namespace Dali::Ui;

FocusManager manager = FocusManager::Get();
```

## Setting and Requesting Focus

### Direct Focus Assignment

Use `SetCurrentFocusView()` to set focus directly to a specific view. The view must be focusable and on the scene:

```cpp
View view = View::New().SetFocusable(true);
scene.Add(view);

bool success = FocusManager::Get().SetCurrentFocusView(view);
if (success) {
  // Focus was set successfully
}
```

### Focus with Child Delegation

Use `RequestFocus()` for containers. If the target is a `Layout` or container, focus delegates to the first focusable descendant:

```cpp
auto layout = Layout::New();
View child1 = View::New(); // Not focusable
View child2 = View::New().SetFocusable(true); // Focusable
layout.Add(child1);
layout.Add(child2);
scene.Add(layout);

// Focus delegates to child2
FocusManager::Get().RequestFocus(layout);
```

If no descendant is focusable and the container itself is focusable, the container receives focus:

```cpp
auto layout = Layout::New().SetFocusable(true);
// ... add non-focusable children ...
scene.Add(layout);

// Layout receives focus since no child can accept it
FocusManager::Get().RequestFocus(layout);
```

### Getting the Current Focus

Retrieve the currently focused view:

```cpp
View focused = FocusManager::Get().GetCurrentFocusView();
if (focused) {
  // A view is currently focused
}
```

### Clearing Focus

Remove focus from all views:

```cpp
FocusManager::Get().ClearFocus();
```

## Moving Focus

### Directional Movement

Move focus using `MoveFocus()` with a `FocusDirection`:

```cpp
FocusManager manager = FocusManager::Get();

// Move in cardinal directions
manager.MoveFocus(FocusDirection::LEFT);
manager.MoveFocus(FocusDirection::RIGHT);
manager.MoveFocus(FocusDirection::UP);
manager.MoveFocus(FocusDirection::DOWN);

// Move in traversal order
manager.MoveFocus(FocusDirection::FORWARD);
manager.MoveFocus(FocusDirection::BACKWARD);

// Move in rotational order
manager.MoveFocus(FocusDirection::CLOCKWISE);
manager.MoveFocus(FocusDirection::COUNTER_CLOCKWISE);
```

`MoveFocus()` returns `true` if the movement succeeded:

```cpp
if (!manager.MoveFocus(FocusDirection::RIGHT)) {
  // No focusable view to the right
}
```

### Move Focus Resolution

`MoveFocus()` resolves the next focus target in priority order:

1. **Parent chain navigation callback** — If an ancestor has a `FocusNavigationCallback`, its result is used
2. **Directional property** — If the current view has a directional focusable view set (e.g., `SetRightFocusableView()`)
3. **FocusFinder** — Geometry-based or linear ordering search

### Backward Navigation

Move to the previously focused view:

```cpp
FocusManager::Get().MoveFocusBackward();
```

## Focus Groups

A focus group traps focus within its subtree. Focus cannot leave the group via `MoveFocus()`:

### Creating a Focus Group

```cpp
View group = View::New();
FocusManager::Get().SetAsFocusGroup(group, true);

View insideA = View::New().SetFocusable(true);
View insideB = View::New().SetFocusable(true);
group.Add(insideA);
group.Add(insideB);
scene.Add(group);

FocusManager::Get().RequestFocus(insideA);

// Movement is contained within the group
FocusManager::Get().MoveFocus(FocusDirection::DOWN); // Moves to insideB
FocusManager::Get().MoveFocus(FocusDirection::DOWN); // Fails - cannot leave group
```

### Checking Focus Group Status

```cpp
bool isGroup = FocusManager::Get().IsFocusGroup(view);
View group = FocusManager::Get().GetFocusGroup(view);
```

### Programmatic Focus Escape

`RequestFocus()` can programmatically move focus outside a group:

```cpp
View outside = View::New().SetFocusable(true);
scene.Add(outside);

// This works even from inside a focus group
FocusManager::Get().RequestFocus(outside);
```

## Directional Focus Properties

Set explicit focus targets for each direction on a view:

```cpp
View viewA = View::New().SetFocusable(true);
View viewB = View::New().SetFocusable(true);
View viewC = View::New().SetFocusable(true);
View viewD = View::New().SetFocusable(true);

viewA.SetRightFocusableView(viewB);
viewA.SetDownFocusableView(viewC);
viewA.SetLeftFocusableView(viewD);

scene.Add(viewA);
scene.Add(viewB);
scene.Add(viewC);
scene.Add(viewD);

FocusManager::Get().SetCurrentFocusView(viewA);
FocusManager::Get().MoveFocus(FocusDirection::RIGHT); // Moves to viewB
```

### Available Directional Properties

```cpp
view.SetLeftFocusableView(target);
view.SetRightFocusableView(target);
view.SetUpFocusableView(target);
view.SetDownFocusableView(target);
view.SetForwardFocusableView(target);
view.SetBackwardFocusableView(target);
view.SetClockwiseFocusableView(target);
view.SetCounterClockwiseFocusableView(target);
```

These methods support chaining:

```cpp
center.SetLeftFocusableView(left)
       .SetRightFocusableView(right)
       .SetUpFocusableView(up)
       .SetDownFocusableView(down);
```

## Focus Navigation Callbacks

Implement custom focus navigation logic using `FocusNavigationCallback`:

```cpp
View CustomNavigationCallback(View current, FocusDirection direction) {
  // Return the next view to focus based on direction
  if (direction == FocusDirection::RIGHT) {
    return customRightTarget;
  }
  return View(); // Empty handle to let default resolution continue
}

// Set the callback on a parent view
parent.SetFocusNavigationCallback(
  FocusNavigationCallback::New(&CustomNavigationCallback));
```

The callback has highest priority in `MoveFocus()` resolution.

## Focus Indicator

Customize the visual focus indicator:

```cpp
View customIndicator = View::New();
customIndicator.SetBackgroundColor(UiColor(1.0f, 0.0f, 0.0f, 1.0f));
customIndicator.SetCornerRadius(5.0f);

FocusManager::Get().SetFocusIndicatorActor(customIndicator);
```

Retrieve the current indicator:

```cpp
View indicator = FocusManager::Get().GetFocusIndicatorView();
```

## Focus Change Signals

### FocusManager Signal

Connect to `FocusChangedSignal()` to receive notifications when focus changes:

```cpp
void OnFocusChanged(View previouslyFocused, View currentlyFocused) {
  if (previouslyFocused) {
    // Handle focus loss
  }
  if (currentlyFocused) {
    // Handle focus gain
  }
}

FocusManager::Get().FocusChangedSignal().Connect(&application, &OnFocusChanged);
```

### View Signal

Individual views emit `FocusChangedSignal()` when they gain or lose focus:

```cpp
void OnViewFocusChanged(View view, bool focused) {
  if (focused) {
    // View gained focus
  } else {
    // View lost focus
  }
}

view.FocusChangedSignal().Connect(&application, &OnViewFocusChanged);
```

## Window Focus Behavior

Control whether focus is cleared when the window loses focus:

```cpp
// Disable auto-clear (preserve focus when window regains focus)
FocusManager::Get().SetClearFocusOnWindowFocusLost(false);

// Check current setting
bool autoClear = FocusManager::Get().GetClearFocusOnWindowFocusLost();
```

## Blocking Descendant Focus

Prevent focus from reaching a subtree using `SetDescendantFocusBlocked()`:

```cpp
View container = View::New();
container.SetDescendantFocusBlocked(true);

View child = View::New().SetFocusable(true);
container.Add(child);

// This fails - child is blocked from receiving focus
FocusManager::Get().RequestFocus(child);
```

Check if a view blocks descendant focus:

```cpp
bool blocked = view.IsDescendantFocusBlocked();
```

## Focus Device Information

Determine what caused the last focus change:

```cpp
FocusDevice device = FocusManager::Get().GetLastFocusChangeDevice();
const Dali::String& deviceName = FocusManager::Get().GetLastFocusChangeDeviceName();
```

## Focusability Requirements

For a view to receive focus, it must:

1. Be focusable: `view.SetFocusable(true)`
2. Be on the scene
3. Be visible: `view.SetVisibility(true)`
4. Be enabled: `view.SetEnabled(true)`
5. Not have an ancestor with `DescendantFocusBlocked` set

```cpp
View view = View::New()
              .SetFocusable(true)
              .SetVisibility(true)
              .SetEnabled(true);
scene.Add(view);

bool success = FocusManager::Get().RequestFocus(view);
```
-----END_REVISED_MARKDOWN-----

-----BEGIN_PROSE_REVIEW_REPORT-----
# Focus Manager Prose Review

## Summary

Reviewed the Focus Manager guide draft against public headers (`focus-manager.h`, `view.h`, `view-focus-enums.h`, `layout.h`) and UTC test files. The draft was largely accurate. Made localized corrections for API accuracy and code consistency.

## Changes Made

### 1. Include Path Correction
- **Location**: "Getting the Focus Manager" section
- **Before**: `#include <dali-ui-foundation/public-api/focus-manager/focus-manager.h>`
- **After**: `#include <dali-ui-foundation/dali-ui-foundation.h>`
- **Source Evidence**: UTC files use the umbrella header `<dali-ui-foundation/dali-ui-foundation.h>` (utc-Dali-FocusManager.cpp line 9)

### 2. Variable Scope Fix in Focus Groups Example
- **Location**: "Focus Groups" → "Creating a Focus Group" code block
- **Before**: `manager.MoveFocus(FocusDirection::DOWN);`
- **After**: `FocusManager::Get().MoveFocus(FocusDirection::DOWN);`
- **Reason**: The variable `manager` was not defined in this scope. Used the singleton accessor consistently.

### 3. Chaining Indentation Consistency
- **Location**: "Directional Focus Properties" → chaining example
- **Before**: Single-line chaining without alignment
- **After**: Multi-line chaining with consistent indentation
- **Reason**: Improves readability and matches common dali-ui code style

### 4. Minor Prose Clarifications
- Added blank lines between code blocks and following prose for readability
- Ensured consistent punctuation in list items

## Verified Accurate Content

The following sections were verified against source and found accurate:

1. **API Signatures**: All method names, return types, and parameter types match public headers
   - `SetCurrentFocusView()` returns `bool` (focus-manager.h line 76)
   - `RequestFocus()` returns `bool` (focus-manager.h line 89)
   - `MoveFocus()` returns `bool` (focus-manager.h line 104)
   - `MoveFocusBackward()` returns `void` (focus-manager.h line 157)
   - `ClearFocus()` returns `void` (focus-manager.h line 111)

2. **FocusDirection Enum Values**: All listed directions match `view-focus-enums.h`
   - LEFT, RIGHT, UP, DOWN, PAGE_UP, PAGE_DOWN, FORWARD, BACKWARD, CLOCKWISE, COUNTER_CLOCKWISE

3. **FocusDevice Enum**: Values match `view-focus-enums.h`
   - UNKNOWN, KEYBOARD, MOUSE, TOUCH, PEN, POINTER, GAMEPAD, WHEEL, PROGRAMMATIC

4. **View Focus Methods**: All directional setters exist and return `View&` for chaining (view.h lines 545-586)

5. **FocusNavigationCallback**: Signature `View(View, FocusDirection)` matches view.h line 68

6. **Signal Types**:
   - `FocusManager::FocusChangedSignal()` returns `Signal<void(View, View)>` (focus-manager.h line 42)
   - `View::FocusChangedSignal()` returns `Signal<void(View, bool)>` (view.h line 919)

7. **Focus Group Behavior**: UTC tests confirm `MoveFocus()` is contained within focus groups, but `RequestFocus()` can escape programmatically (utc-Dali-FocusManager.cpp lines 193-229)

8. **MoveFocus Priority Order**: UTC tests confirm the three-step resolution (callback → directional property → FocusFinder) (utc-Dali-FocusManager.cpp lines 298-410)

9. **DescendantFocusBlocked**: UTC tests confirm blocked descendants cannot receive focus (utc-Dali-FocusManager.cpp lines 133-152)

## Remaining Considerations

1. **PAGE_UP/PAGE_DOWN**: The `FocusDirection` enum includes `PAGE_UP` and `PAGE_DOWN`, but the draft does not mention them. This is acceptable as they are less commonly used and the draft is not a comprehensive API reference.

2. **FocusManager::New()**: The header shows a default constructor and `Get()` static method, but no `New()` method. The draft correctly uses `Get()` throughout.

3. **Layout Focusability**: The draft correctly notes that `Layout` is not focusable by default, matching UTC test behavior (utc-Dali-FocusManager.cpp line 56).

## No Invented APIs

All APIs mentioned in the guide exist in the public headers. No speculative or internal APIs were added.
-----END_PROSE_REVIEW_REPORT-----
