[36mCompleted installing Cline SR(1.19.1) extension from VSIX.Please reload Visual Studio Code to enable it.[0m
-----BEGIN_REVISED_MARKDOWN-----
---
title: Image Loader
sidebar_label: Image Loader
category: uncategorized
---

# Image Loader

The Image Loader feature provides asynchronous image loading capabilities for dali-ui applications, allowing images to be loaded in background threads without blocking the main event loop.

## Table of Contents

- [Creating an AsyncImageLoader](#creating-an-asyncimageloader)
- [Loading Images](#loading-images)
- [Handling Load Completion](#handling-load-completion)
- [Canceling Load Operations](#canceling-load-operations)
- [Working with ImageUrl](#working-with-imageurl)

## Creating an AsyncImageLoader

The `Dali::Ui::AsyncImageLoader` class is the primary interface for loading images asynchronously. Create an instance using the static `New()` method:

```cpp
#include <dali-ui-foundation/public-api/image-loader/async-image-loader.h>

// Create an async image loader
Dali::Ui::AsyncImageLoader imageLoader = Dali::Ui::AsyncImageLoader::New();
```

The `AsyncImageLoader` is a handle class that manages the lifecycle of the underlying loader. You can copy or move the handle:

```cpp
// Copy construction
Dali::Ui::AsyncImageLoader copiedLoader = imageLoader;

// Move construction
Dali::Ui::AsyncImageLoader movedLoader = std::move(imageLoader);
```

## Loading Images

### Basic Image Loading

Use the `Load()` method to start loading an image from a URL. The method returns a task ID that identifies the loading operation:

```cpp
// Load an image with default settings
uint32_t taskId = imageLoader.Load("path/to/image.png");
```

When using this overload, the defaults are `SamplingMode::BOX_THEN_LINEAR` for sampling and `true` for orientation correction.

### Loading with Dimensions

To load an image scaled to specific dimensions, pass the desired size:

```cpp
// Load image scaled to fit 200x200 pixels
uint32_t taskId = imageLoader.Load("path/to/image.png", Dali::ImageDimensions(200, 200));
```

This overload also uses the default sampling mode and orientation correction.

### Loading with Full Options

For complete control over the loading process, specify all parameters:

```cpp
// Load with full control over sampling and orientation
uint32_t taskId = imageLoader.Load(
    "path/to/image.png",              // URL
    Dali::ImageDimensions(200, 200),  // Target dimensions
    Dali::SamplingMode::BOX_THEN_LINEAR, // Sampling mode
    true                              // Enable orientation correction
);
```

The `samplingMode` parameter controls how pixels are sampled when scaling the image. The `orientationCorrection` parameter enables automatic reorientation based on EXIF metadata.

## Handling Load Completion

Connect to the `ImageLoadedSignal()` to receive notifications when image loading completes. Always connect the signal before calling `Load()` to ensure you receive callbacks:

```cpp
class ImageHandler : public Dali::ConnectionTracker
{
public:
    void OnImageLoaded(uint32_t taskId, Dali::PixelData pixelData)
    {
        if (pixelData)
        {
            // Image loaded successfully
            if (taskId == mExpectedTaskId)
            {
                // Process the loaded pixel data
                // Note: PixelData is automatically destroyed when it goes out of scope
            }
        }
        else
        {
            // Image loading failed
        }
    }

    uint32_t mExpectedTaskId{0};
};

// Usage
ImageHandler handler;
Dali::Ui::AsyncImageLoader loader = Dali::Ui::AsyncImageLoader::New();

// Connect signal before loading
loader.ImageLoadedSignal().Connect(&handler, &ImageHandler::OnImageLoaded);

// Start loading
handler.mExpectedTaskId = loader.Load("path/to/image.png");
```

The signal callback receives:

- `uint32_t taskId`: The task ID returned by the corresponding `Load()` call
- `Dali::PixelData pixelData`: The loaded pixel data, or an invalid handle if loading failed

## Canceling Load Operations

### Canceling a Specific Task

Use `Cancel()` to cancel a specific loading operation by its task ID:

```cpp
uint32_t taskId = imageLoader.Load("large_image.png");

// Cancel if still queued
bool wasCanceled = imageLoader.Cancel(taskId);

if (wasCanceled)
{
    // Task was successfully removed from the queue
}
else
{
    // Task was already in progress or completed
}
```

`Cancel()` returns `true` if the task was successfully removed from the queue, or `false` if the task was already being processed or completed.

### Canceling All Tasks

To cancel all pending load operations at once:

```cpp
imageLoader.CancelAll();
```

This removes all queued loading tasks but does not affect tasks that have already started processing.

## Working with ImageUrl

`Dali::Ui::ImageUrl` provides a way to wrap external buffers and textures for use with visuals. It generates a URL string that can be used to reference the wrapped resource.

### Creating from a Texture

Wrap an existing texture with `ImageUrl::New()`:

```cpp
#include <dali-ui-foundation/public-api/image-loader/image-url.h>

// Create a texture
Dali::Texture texture = Dali::Texture::New(
    Dali::TextureType::TEXTURE_2D,
    Dali::Pixel::Format::RGBA8888,
    256, 256
);

// Wrap the texture with ImageUrl
Dali::Ui::ImageUrl imageUrl = Dali::Ui::ImageUrl::New(texture, true);

// Get the URL string for use with visuals
const Dali::String& url = imageUrl.GetUrl();
```

The second parameter `preMultiplied` indicates whether the texture uses premultiplied alpha.

### Creating from an Encoded Image Buffer

Wrap encoded image data (such as PNG or JPEG in memory):

```cpp
// Create from encoded image buffer
Dali::EncodedImageBuffer encodedBuffer = /* ... */;
Dali::Ui::ImageUrl imageUrl = Dali::Ui::ImageUrl::New(encodedBuffer);

// Get the URL string
const Dali::String& url = imageUrl.GetUrl();
```

### Using ImageUrl with Visuals

The URL obtained from `GetUrl()` can be used with image visuals:

```cpp
Dali::Ui::ImageUrl imageUrl = Dali::Ui::ImageUrl::New(texture);

// Use the URL with an image visual
Dali::Property::Map visualProperty;
visualProperty[Dali::Toolkit::Visual::Property::TYPE] = Dali::Toolkit::Visual::IMAGE;
visualProperty[Dali::Toolkit::ImageVisual::Property::URL] = imageUrl.GetUrl();
```

When the `ImageUrl` object is destroyed, the associated buffer is removed from the texture manager. If a visual still references the buffer, it will be cleaned up when the visual is destroyed.
-----END_REVISED_MARKDOWN-----

-----BEGIN_PROSE_REVIEW_REPORT-----
# Image Loader Prose Review

## Summary

The draft was reviewed against the following source files:
- `repos/dali-ui/dali-ui-foundation/public-api/image-loader/async-image-loader.h`
- `repos/dali-ui/dali-ui-foundation/public-api/image-loader/image-url.h`
- `repos/dali-adaptor/dali/public-api/adaptor-framework/image-options.h`

The draft was found to be **substantially accurate**. Only minor formatting and clarity improvements were applied.

## Changes Made

| Section | Change | Source Evidence |
|---------|--------|-----------------|
| Loading Images > Basic Image Loading | Added note about default values for sampling mode and orientation correction | Header comment: "Note: When using this method, the following defaults will be used: samplingMode = SamplingMode::BOX_THEN_LINEAR, orientationCorrection = true" |
| Loading Images > Loading with Dimensions | Added note that this overload also uses defaults | Header shows same defaults for `Load(url, dimensions)` overload |
| Handling Load Completion | Minor formatting adjustment (indentation in code example) | N/A - style only |
| Working with ImageUrl | Minor formatting adjustment (indentation in code example) | N/A - style only |

## Verified Accurate Prose

The following key statements were verified against source:

1. **AsyncImageLoader creation**: `New()` static method confirmed in header.
2. **Load overloads**: Three overloads confirmed with correct signatures.
3. **Signal type**: `Signal<void(uint32_t, PixelData)>` confirmed as `ImageLoadedSignalType`.
4. **Cancel behavior**: Returns `true` if task removed from queue, `false` if already processing - confirmed in header comment.
5. **ImageUrl::New(Texture&, bool)**: Signature confirmed with `preMultiplied` default parameter.
6. **ImageUrl::New(const EncodedImageBuffer&)**: Signature confirmed.
7. **ImageUrl lifecycle**: Buffer removal on destruction confirmed in header comment.

## Remaining Concerns

None. The draft accurately reflects the public API surface for the image-loader feature.

## Symbols Used

All symbols in the draft are from the allowed dali-ui surface:
- `Dali::Ui::AsyncImageLoader`
- `Dali::Ui::AsyncImageLoader::New()`
- `Dali::Ui::AsyncImageLoader::Load()`
- `Dali::Ui::AsyncImageLoader::Cancel()`
- `Dali::Ui::AsyncImageLoader::CancelAll()`
- `Dali::Ui::AsyncImageLoader::ImageLoadedSignal()`
- `Dali::Ui::ImageUrl`
- `Dali::Ui::ImageUrl::New()`
- `Dali::Ui::ImageUrl::GetUrl()`

Contextual symbols from dali-core/dali-adaptor (e.g., `Dali::Texture`, `Dali::PixelData`, `Dali::ImageDimensions`, `Dali::SamplingMode`) are used appropriately as supporting types.
-----END_PROSE_REVIEW_REPORT-----
