[36mCompleted installing Cline SR(1.19.1) extension from VSIX.Please reload Visual Studio Code to enable it.[0m
-----BEGIN_REVISED_MARKDOWN-----
---
title: Text
sidebar_label: Text
category: text
---

# Text

The Text feature provides text styling capabilities for dali-ui applications, including visual effects like shadows, outlines, underlines, and bevel effects for `Label` and `InputField` components.

## Table of Contents

- [Text Style Effects](#text-style-effects)
  - [Underline](#underline)
  - [Shadow](#shadow)
  - [Outline](#outline)
  - [LineThrough](#linethrough)
  - [Bevel](#bevel)
- [Font Styling](#font-styling)
  - [Font Weight, Width, and Slant](#font-weight-width-and-slant)
- [Input Filtering](#input-filtering)
- [Font Variations](#font-variations)
- [Dynamic Font Sizing](#dynamic-font-sizing)

---

## Text Style Effects

Text style effects enhance text visibility and visual appeal. All style objects support fluent chaining for configuration.

### Underline

`Text::Underline` adds a line beneath text. Use it for emphasis or links.

Create a basic underline:

```cpp
Label label = Label::New("Underlined Text")
  .SetUnderline(Text::Underline());
```

Configure underline properties with fluent chaining:

```cpp
Label label = Label::New("Dashed Underline")
  .SetUnderline(
    Text::Underline()
      .SetColor(UiColor(0x0088FF))
      .SetThickness(2.0f)
      .SetType(Text::Underline::Type::DASHED)
      .SetDashLength(4.0f)
      .SetDashGap(4.0f));
```

Clear an underline from a label:

```cpp
label.ClearUnderline();
```

`InputField` also supports underline styling:

```cpp
InputField inputField = InputField::New()
  .SetText("Input with underline")
  .SetUnderline(
    Text::Underline()
      .SetColor(UiColor(0x0088FF))
      .SetThickness(2.0f));
```

### Shadow

`Text::Shadow` adds a drop shadow effect to text, creating depth and improving readability on complex backgrounds.

Create a shadow with an offset:

```cpp
Label label = Label::New("Shadow Text")
  .SetShadow(
    Text::Shadow()
      .SetOffset(Vector2(1.0f, 1.0f)));
```

Configure shadow properties:

```cpp
Label label = Label::New("Shadow with Blur")
  .SetShadow(
    Text::Shadow()
      .SetColor(UiColor(0xFF5500))
      .SetOffset(Vector2(3.0f, 3.0f))
      .SetBlurRadius(2.0f));
```

Clear a shadow:

```cpp
label.ClearShadow();
```

`InputField` also supports shadow styling:

```cpp
InputField inputField = InputField::New()
  .SetText("Input with shadow")
  .SetShadow(
    Text::Shadow()
      .SetColor(UiColor(0xFF5500))
      .SetOffset(Vector2(2.0f, 2.0f)));
```

### Outline

`Text::Outline` draws a border around text characters for emphasis or special effects.

Create a basic outline:

```cpp
Label label = Label::New("Outlined Text")
  .SetOutline(
    Text::Outline()
      .SetWidth(2.0f));
```

Configure outline properties:

```cpp
Label label = Label::New("Styled Outline")
  .SetOutline(
    Text::Outline()
      .SetColor(UiColor(0x0066FF))
      .SetOffset(Vector2(1.0f, 1.0f))
      .SetWidth(2.0f)
      .SetBlurRadius(1.0f));
```

Clear an outline:

```cpp
label.ClearOutline();
```

`InputField` also supports outline styling:

```cpp
InputField inputField = InputField::New()
  .SetText("Input with outline")
  .SetOutline(
    Text::Outline()
      .SetColor(UiColor(0x0066FF))
      .SetWidth(2.0f));
```

### LineThrough

`Text::LineThrough` draws a horizontal line through text, commonly used to indicate deleted or completed items.

Create a basic line-through:

```cpp
Label label = Label::New("Struck Through")
  .SetLineThrough(Text::LineThrough());
```

Configure line-through properties:

```cpp
Label label = Label::New("Styled LineThrough")
  .SetLineThrough(
    Text::LineThrough()
      .SetColor(UiColor(0xFF00FF))
      .SetThickness(3.0f));
```

Clear a line-through:

```cpp
label.ClearLineThrough();
```

`InputField` also supports line-through styling:

```cpp
InputField inputField = InputField::New()
  .SetText("Input with line-through")
  .SetLineThrough(
    Text::LineThrough()
      .SetColor(UiColor(0xFF00FF))
      .SetThickness(2.0f));
```

### Bevel

`Text::Bevel` creates 3D embossed or engraved text effects by simulating light and shadow on character edges.

Create an embossed effect (raised text):

```cpp
Label label = Label::New("Embossed")
  .SetTextColor(UiColor(0x333333))
  .SetBevel(
    Text::Bevel()
      .SetDirection(Vector2(-1.0f, -1.0f))
      .SetIntensity(2.0f)
      .SetLightColor(UiColor(0x808080))
      .SetShadowColor(UiColor(0x0D0D0D)));
```

Create an engraved effect (sunken text):

```cpp
Label label = Label::New("Engraved")
  .SetTextColor(UiColor(0x212121))
  .SetBevel(
    Text::Bevel()
      .SetDirection(Vector2(-1.0f, -1.0f))
      .SetIntensity(2.0f)
      .SetLightColor(UiColor(0x0D0D0D))
      .SetShadowColor(UiColor(0x808080)));
```

Clear a bevel effect:

```cpp
label.ClearBevel();
```

#### Bevel Properties

| Property | Method | Description |
|----------|--------|-------------|
| Direction | `SetDirection(Vector2)` | Light source direction. Negative values for top-left light. |
| Intensity | `SetIntensity(float)` | Strength of the bevel effect. |
| LightColor | `SetLightColor(UiColor)` | Color for the highlighted edge. |
| ShadowColor | `SetShadowColor(UiColor)` | Color for the shadow edge. |

---

## Font Styling

### Font Weight, Width, and Slant

Control font appearance using `FontWeight`, `FontWidth`, and `FontSlant` enumerations.

Set font weight:

```cpp
Label label = Label::New("Bold Text")
  .SetFontWeight(Text::FontWeight::BOLD);
```

Set font width:

```cpp
Label label = Label::New("Condensed Text")
  .SetFontWidth(Text::FontWidth::SEMI_CONDENSED);
```

Set font slant:

```cpp
Label label = Label::New("Italic Text")
  .SetFontSlant(Text::FontSlant::ITALIC);
```

#### Available Font Weights

- `THIN`, `EXTRA_LIGHT`, `LIGHT`, `DEMI_LIGHT`, `BOOK`
- `NORMAL`, `MEDIUM`, `SEMI_BOLD`, `BOLD`, `EXTRA_BOLD`, `BLACK`

#### Available Font Widths

- `ULTRA_CONDENSED`, `EXTRA_CONDENSED`, `CONDENSED`, `SEMI_CONDENSED`
- `NORMAL`
- `SEMI_EXPANDED`, `EXPANDED`, `EXTRA_EXPANDED`, `ULTRA_EXPANDED`

#### Available Font Slants

- `NORMAL` - Upright text
- `ITALIC` - Italic style
- `OBLIQUE` - Oblique style

---

## Input Filtering

`Text::InputFilter` restricts user input in `InputField` components using regular expression patterns.

Create and apply an input filter:

```cpp
Text::InputFilter inputFilter;
inputFilter.SetAllowPattern("[\\d]");  // Allow only digits
inputFilter.SetDenyPattern("[0-5]");    // But deny 0-5

InputField inputField = InputField::New()
  .SetText("Digits 6-9 only")
  .SetInputFilter(inputFilter);
```

Clear an input filter:

```cpp
inputField.ClearInputFilter();
```

Handle rejected input through the `InputRejectedSignal`:

```cpp
void OnInputRejected(View view, Text::InputFilter::RejectReason reason)
{
  if(reason == Text::InputFilter::RejectReason::NOT_ALLOWED)
  {
    // Handle rejected character
  }
}

// Connect the signal
inputField.InputRejectedSignal().Connect(this, &YourClass::OnInputRejected);
```

---

## Font Variations

`Text::FontVariationAxis` configures OpenType font variation axes for variable fonts.

Create a font variation axis:

```cpp
Text::FontVariationAxis axis = Text::FontVariationAxis("wght", 450.0f);
```

Set axis properties:

```cpp
axis.SetTag("wdth");
axis.SetValue(75.0f);
```

Convert font variations to and from string format:

```cpp
// Parse from settings string
Dali::Vector<Text::FontVariationAxis> axes = Text::FontVariation::FromString(settings);

// Convert to string
Dali::String settings = Text::FontVariation::ToString(axes);
```

---

## Dynamic Font Sizing

### FitRange

`Text::FitRange` defines a range for automatic font size fitting within a text control.

Create a fit range:

```cpp
Text::FitRange fitRange = Text::FitRange()
  .SetMinimumFontSize(12.0f)
  .SetMaximumFontSize(48.0f)
  .SetFontSizeStep(2.0f);
```

### FitCandidate

`Text::FitCandidate` represents a candidate font size during the fitting process.

Create and configure a fit candidate:

```cpp
Text::FitCandidate candidate = Text::FitCandidate()
  .SetFontSize(24.0f)
  .SetLineHeight(28.0f);
```

Retrieve candidate properties:

```cpp
float fontSize = candidate.GetFontSize();
float lineHeight = candidate.GetLineHeight();
```
-----END_REVISED_MARKDOWN-----

-----BEGIN_PROSE_REVIEW_REPORT-----
# Text Prose Review Report

## Summary

The draft was reviewed against public headers, implementation files, and sample code. The document was well-structured and largely accurate. Minor improvements were made to enhance completeness and consistency.

## Changes Made

### 1. Added InputField Examples for Shadow, Outline, and LineThrough Sections

**Location:** Shadow, Outline, LineThrough sections

**Change:** Added `InputField` usage examples to Shadow, Outline, and LineThrough sections to match the pattern established in the Underline section.

**Source Evidence:**
- `repos/dali-ui/dali-ui-foundation/public-api/input-field.h` lines 508-540: `InputField` provides `SetShadow()`, `ClearShadow()`, `SetOutline()`, `ClearOutline()`, `SetLineThrough()`, `ClearLineThrough()` methods.
- `repos/dali-ui/samples/text/text-style-example.cpp` lines 79-96: Sample code demonstrates `InputField` with underline, shadow, outline, and line-through styling.

**Reason:** The original draft showed `InputField` support only for underline. Adding examples for shadow, outline, and line-through provides complete coverage of `InputField` styling capabilities.

### 2. Fixed Missing Closing Backticks

**Location:** End of FitCandidate section

**Change:** Added missing closing triple backticks after the final code block.

**Reason:** The original draft was missing the closing code fence, which would cause markdown rendering issues.

## Verified Accurate Content

The following sections were verified against source files and found to be accurate:

### Text Style Classes
- **Underline** (repos/dali-ui/dali-ui-foundation/public-api/text/style/underline.h): `SetColor()`, `SetThickness()`, `SetType()`, `SetDashLength()`, `SetDashGap()` methods and `Type::SOLID`, `Type::DASHED`, `Type::DOUBLE` enum values verified.
- **Shadow** (repos/dali-ui/dali-ui-foundation/public-api/text/style/shadow.h): `SetColor()`, `SetOffset()`, `SetBlurRadius()` methods verified.
- **Outline** (repos/dali-ui/dali-ui-foundation/public-api/text/style/outline.h): `SetColor()`, `SetOffset()`, `SetWidth()`, `SetBlurRadius()` methods verified.
- **LineThrough** (repos/dali-ui/dali-ui-foundation/public-api/text/style/line-through.h): `SetColor()`, `SetThickness()` methods verified.
- **Bevel** (repos/dali-ui/dali-ui-foundation/public-api/text/style/bevel.h): `SetDirection()`, `SetIntensity()`, `SetLightColor()`, `SetShadowColor()` methods verified.

### Label API
- `repos/dali-ui/dali-ui-foundation/public-api/label.h`: All style setter methods (`SetUnderline`, `SetShadow`, `SetOutline`, `SetLineThrough`, `SetBevel`) and clear methods verified. `SetFontWeight()`, `SetFontWidth()`, `SetFontSlant()` methods verified.

### InputField API
- `repos/dali-ui/dali-ui-foundation/public-api/input-field.h`: Style methods, `SetInputFilter()`/`ClearInputFilter()`, and `InputRejectedSignal()` verified.

### InputFilter
- `repos/dali-ui/dali-ui-foundation/public-api/text/input-filter.h`: `SetAllowPattern()`, `SetDenyPattern()`, `RejectReason::NOT_ALLOWED`, `RejectReason::DENIED` verified. ECMAScript regex grammar documented in header.

### Font Enumerations
- `repos/dali-ui/dali-ui-foundation/public-api/text/text-enumerations.h`: All `FontWeight`, `FontWidth`, and `FontSlant` enum values verified as accurate.

### FontVariationAxis
- `repos/dali-ui/dali-ui-foundation/public-api/text/font-variation/font-variation-axis.h`: Constructor, `SetTag()`, `SetValue()` methods verified.
- `repos/dali-ui/dali-ui-foundation/public-api/text/font-variation/font-variation.h`: `FromString()` and `ToString()` static methods verified.

### FitRange and FitCandidate
- `repos/dali-ui/dali-ui-foundation/public-api/text/fit/text-fit-range.h`: `SetMinimumFontSize()`, `SetMaximumFontSize()`, `SetFontSizeStep()` methods verified.
- `repos/dali-ui/dali-ui-foundation/public-api/text/fit/text-fit-candidate.h`: `SetFontSize()`, `SetLineHeight()`, `GetFontSize()`, `GetLineHeight()` methods verified.

### Sample Code Verification
- `repos/dali-ui/samples/text/text-style-example.cpp`: Code patterns match documented API usage.
- `repos/dali-ui/samples/text/text-style-bevel-example.cpp`: Bevel embossed/engraved examples match documented patterns.
- `repos/dali-ui/samples/text/text-input-field-example.cpp`: InputFilter usage matches documented API.

## Remaining Considerations

1. **Font Weight Aliases**: The header defines aliases like `ULTRA_LIGHT = EXTRA_LIGHT`, `REGULAR = NORMAL`, `DEMI_BOLD = SEMI_BOLD`, etc. The draft lists primary values only, which is appropriate for an app-facing guide.

2. **FitRange/FitCandidate Usage Context**: The draft correctly describes these as configuration objects. The actual text fit feature is applied via `Label::SetTextFit()` which accepts either `FitRange` or a vector of `FitCandidate`. This is documented in the Label header but not explicitly shown in the draft's FitRange/FitCandidate sections. This is acceptable as the draft focuses on the data classes themselves.

## Conclusion

The draft was well-written and accurate. The review made minor additions to improve completeness (adding InputField examples for shadow, outline, and line-through) and fixed a formatting issue. All code examples were verified against public headers and sample code.
-----END_PROSE_REVIEW_REPORT-----
