-----BEGIN_REVISED_MARKDOWN-----
---
title: I Scroll Bar
sidebar_label: I Scroll Bar
category: views-components
---

# I Scroll Bar

`Dali::Ui::IScrollBar` is the dali-ui interface for updating scroll-bar visibility, size, and position for a `Dali::Ui::View` target.

## Table of Contents

- [Use `IScrollBar` as the Scroll-Bar Contract](#use-iscrollbar-as-the-scroll-bar-contract)
- [Configure Axis Visibility](#configure-axis-visibility)
- [Synchronize Size and Position](#synchronize-size-and-position)
- [Hide Automatic Bars When Scrolling Ends](#hide-automatic-bars-when-scrolling-ends)
- [Read the Target View](#read-the-target-view)

## Use `IScrollBar` as the Scroll-Bar Contract

`Dali::Ui::IScrollBar` is an interface. Application code can work with an object that implements it, then drive the scroll-bar state through the interface methods. Keep the app-facing target model as `Dali::Ui::View`; avoid coupling scroll-bar logic to lower-level actor APIs.

```cpp
#include <dali-ui-foundation/public-api/i-scroll-bar.h>
#include <dali-ui-foundation/public-api/scrollable-enum.h>

namespace Ui = Dali::Ui;

void ConfigureScrollBar(Ui::IScrollBar& scrollBar,
                        Ui::ScrollBarVisibility verticalVisibility,
                        Ui::ScrollBarVisibility horizontalVisibility)
{
  scrollBar.SetVerticalScrollBarVisibility(verticalVisibility);
  scrollBar.SetHorizontalScrollBarVisibility(horizontalVisibility);
}
```

The interface owns the core scroll-bar operations:

- `GetTarget()` returns the `Dali::Ui::View` target associated with the scroll bar implementation.
- `SetVerticalScrollBarVisibility()` and `SetHorizontalScrollBarVisibility()` configure the two axes independently.
- `UpdateBarSize()` updates thumb sizing from content and viewport dimensions.
- `UpdateScrollPosition()` updates the displayed scroll offset.
- `HideBar()` fades out bars whose visibility mode is `Dali::Ui::ScrollBarVisibility::Auto`.

## Configure Axis Visibility

The vertical and horizontal axes are configured separately. This lets a dali-ui component expose only the axes that matter for the current content model. Use `Dali::Ui::ScrollBarVisibility::Auto` to show a bar while scrolling, `Dali::Ui::ScrollBarVisibility::Always` to keep it visible, or `Dali::Ui::ScrollBarVisibility::Never` to remove it.

```cpp
#include <dali-ui-foundation/public-api/i-scroll-bar.h>
#include <dali-ui-foundation/public-api/scrollable-enum.h>

namespace Ui = Dali::Ui;

void ApplyAxisVisibility(Ui::IScrollBar& scrollBar,
                         Ui::ScrollBarVisibility vertical,
                         Ui::ScrollBarVisibility horizontal)
{
  scrollBar.SetVerticalScrollBarVisibility(vertical);
  scrollBar.SetHorizontalScrollBarVisibility(horizontal);
}
```

You can read the configured values back with `GetVerticalScrollBarVisibility()` and `GetHorizontalScrollBarVisibility()` when a component needs to preserve or mirror the current policy.

```cpp
#include <dali-ui-foundation/public-api/i-scroll-bar.h>
#include <dali-ui-foundation/public-api/scrollable-enum.h>

namespace Ui = Dali::Ui;

void CopyVisibilityPolicy(const Ui::IScrollBar& source, Ui::IScrollBar& destination)
{
  const Ui::ScrollBarVisibility vertical = source.GetVerticalScrollBarVisibility();
  const Ui::ScrollBarVisibility horizontal = source.GetHorizontalScrollBarVisibility();

  destination.SetVerticalScrollBarVisibility(vertical);
  destination.SetHorizontalScrollBarVisibility(horizontal);
}
```

## Synchronize Size and Position

Call `UpdateBarSize()` when the scrollable content size or viewport size changes. The method takes the full scrollable width and height first, followed by the visible viewport width and height.

```cpp
#include <dali-ui-foundation/public-api/i-scroll-bar.h>

namespace Ui = Dali::Ui;

void OnScrollMetricsChanged(Ui::IScrollBar& scrollBar,
                            float contentWidth,
                            float contentHeight,
                            float viewportWidth,
                            float viewportHeight)
{
  scrollBar.UpdateBarSize(contentWidth, contentHeight, viewportWidth, viewportHeight);
}
```

Call `UpdateScrollPosition()` when the scroll offset changes. The position is passed as a `Dali::Vector2`.

```cpp
#include <dali-ui-foundation/public-api/i-scroll-bar.h>
#include <dali/public-api/math/vector2.h>

namespace Ui = Dali::Ui;

void OnScrolled(Ui::IScrollBar& scrollBar, float scrollX, float scrollY)
{
  scrollBar.UpdateScrollPosition(Dali::Vector2(scrollX, scrollY));
}
```

A typical scroll update path updates the bar size after layout or content-size changes, then updates the current scroll position during user interaction or programmatic scrolling.

```cpp
#include <dali-ui-foundation/public-api/i-scroll-bar.h>
#include <dali/public-api/math/vector2.h>

namespace Ui = Dali::Ui;

void RefreshScrollBar(Ui::IScrollBar& scrollBar,
                      float contentWidth,
                      float contentHeight,
                      float viewportWidth,
                      float viewportHeight,
                      const Dali::Vector2& scrollPosition)
{
  scrollBar.UpdateBarSize(contentWidth, contentHeight, viewportWidth, viewportHeight);
  scrollBar.UpdateScrollPosition(scrollPosition);
}
```

## Hide Automatic Bars When Scrolling Ends

`HideBar()` is intended for the end of a scroll interaction. It fades out bars whose visibility policy is `Dali::Ui::ScrollBarVisibility::Auto`.

```cpp
#include <dali-ui-foundation/public-api/i-scroll-bar.h>

namespace Ui = Dali::Ui;

void OnScrollFinished(Ui::IScrollBar& scrollBar)
{
  scrollBar.HideBar();
}
```

If your component supports repeated scroll updates, keep `HideBar()` separate from `UpdateScrollPosition()`: update position while scrolling, then hide when the interaction finishes.

```cpp
#include <dali-ui-foundation/public-api/i-scroll-bar.h>
#include <dali/public-api/math/vector2.h>

namespace Ui = Dali::Ui;

void HandleScrollFrame(Ui::IScrollBar& scrollBar, const Dali::Vector2& position)
{
  scrollBar.UpdateScrollPosition(position);
}

void HandleScrollEnd(Ui::IScrollBar& scrollBar)
{
  scrollBar.HideBar();
}
```

## Read the Target View

Use `GetTarget()` when scroll-bar logic needs the `Dali::Ui::View` target exposed by the scroll-bar implementation. The returned object is a `Dali::Ui::View`, which keeps application code aligned with the dali-ui view model.

```cpp
#include <dali-ui-foundation/public-api/i-scroll-bar.h>
#include <dali-ui-foundation/public-api/view.h>

namespace Ui = Dali::Ui;

Ui::View GetScrollableView(const Ui::IScrollBar& scrollBar)
{
  return scrollBar.GetTarget();
}
```

This is useful when a higher-level component owns several view-related helpers and needs to identify the `Dali::Ui::View` associated with a particular `Dali::Ui::IScrollBar`.
-----END_REVISED_MARKDOWN-----
-----BEGIN_PROSE_REVIEW_REPORT-----
# I Scroll Bar Prose Review

Changed prose:
- Adjusted the overview from “keeping a scroll bar synchronized with a `Dali::Ui::View` scroll target” to “updating scroll-bar visibility, size, and position for a `Dali::Ui::View` target” to match the actual `IScrollBar` method surface without over-describing ownership.
- Changed “Application code normally receives an object” to “Application code can work with an object” because the public API also exposes concrete `Dali::Ui::ScrollBar::New()`.
- Clarified `GetTarget()` as returning the `Dali::Ui::View` target associated with the implementation, rather than saying the bar “represents” or “tracks” a scrollable view.
- Added the public `Dali::Ui::ScrollBarVisibility` values: `Auto`, `Always`, and `Never`.
- Tightened `HideBar()` prose to say it affects `Dali::Ui::ScrollBarVisibility::Auto` bars specifically.
- Changed “layout changes” to “layout or content-size changes” for the typical update path.

Source evidence:
- `repos/dali-ui/dali-ui-foundation/public-api/i-scroll-bar.h` defines `Dali::Ui::IScrollBar`, `GetTarget()`, axis visibility getters/setters, `UpdateBarSize()`, `UpdateScrollPosition()`, and `HideBar()`.
- `repos/dali-ui/dali-ui-foundation/public-api/scrollable-enum.h` defines `ScrollBarVisibility::Auto`, `Always`, and `Never`.
- `repos/dali-ui/dali-ui-foundation/public-api/scroll-bar.h` shows `Dali::Ui::ScrollBar` implements `Dali::Ui::IScrollBar`.
- `repos/dali-ui/dali-ui-foundation/integration-api/scroll-bar-impl.cpp` stores visibility per axis, removes bars for `Never`, shows bars for `Always`, updates size from scrollable and viewport dimensions, updates position through `SetScrollPosition()`, and fades out `Auto` bars in `PlayFadeOut()`.
- `repos/dali-ui/dali-ui-foundation/integration-api/scroll-view-impl.cpp` updates visibility, bar size, and scroll position together when scrolling properties change.
- `repos/dali-ui/automated-tests/src/dali-ui-foundation/utc-Dali-ScrollBar.cpp` verifies default `Auto` visibility, visibility setters/getters, and non-crashing calls for `UpdateBarSize()` and `UpdateScrollPosition()`.

Remaining concerns:
- The guide keeps the original code blocks as requested. They are API-shape examples rather than complete runnable app snippets.
- `GetTarget()` behavior is implementation-dependent; the concrete `ScrollBarImpl` currently returns `View::DownCast(Self())`, so the guide avoids promising that it returns a separate scroll-content view.
-----END_PROSE_REVIEW_REPORT-----
