-----BEGIN_REVISED_MARKDOWN-----
---
title: Image Loader
sidebar_label: Image Loader
category: images-visuals
---

# Image Loader

`Dali::Ui::AsyncImageLoader` loads image pixel data from a URL on a worker thread without blocking the main event thread.

## Table of Contents

- [Loading Images Asynchronously](#loading-images-asynchronously)
- [Handling Loaded Pixel Data](#handling-loaded-pixel-data)
- [Tracking and Canceling Work](#tracking-and-canceling-work)
- [Using ImageUrl for External Image Resources](#using-imageurl-for-external-image-resources)
- [Handle Ownership and Passing Loader Objects](#handle-ownership-and-passing-loader-objects)

## Loading Images Asynchronously

Create a loader with `Dali::Ui::AsyncImageLoader::New`, connect `Dali::Ui::AsyncImageLoader::ImageLoadedSignal`, then start loading with `Dali::Ui::AsyncImageLoader::Load`. The load call returns a `uint32_t` task ID, which you use later to match the completion callback or cancel the queued task.

Connect the signal before calling `Dali::Ui::AsyncImageLoader::Load`, because completion can be reported immediately.

```cpp
#include <dali-ui-foundation/public-api/image-loader/async-image-loader.h>

class ThumbnailView : public Dali::Ui::View
{
public:
  void StartLoading(const Dali::String& imageUrl, Dali::ImageDimensions dimensions)
  {
    mImageLoader = Dali::Ui::AsyncImageLoader::New();
    mImageLoader.ImageLoadedSignal().Connect(this, &ThumbnailView::OnImageLoaded);

    mLoadingTaskId = mImageLoader.Load(imageUrl, dimensions);
  }

private:
  void OnImageLoaded(uint32_t loadedTaskId, Dali::PixelData pixelData)
  {
    if(loadedTaskId != mLoadingTaskId)
    {
      return;
    }

    if(pixelData)
    {
      // Use the loaded pixels to update this View's image presentation.
    }
    else
    {
      // Handle a failed image load for this View.
    }
  }

  Dali::Ui::AsyncImageLoader mImageLoader;
  uint32_t                   mLoadingTaskId{0u};
};
```

`Dali::Ui::AsyncImageLoader::Load` with `ImageDimensions` fits the loaded image to the requested width and height. For this overload, the public implementation uses `Dali::SamplingMode::BOX_THEN_LINEAR` and enables orientation correction.

## Handling Loaded Pixel Data

`Dali::Ui::AsyncImageLoader::ImageLoadedSignal` returns `Dali::Ui::AsyncImageLoader::ImageLoadedSignalType&`. Its callback signature is:

```cpp
void Callback(uint32_t loadingTaskId, Dali::PixelData pixelData);
```

The `loadingTaskId` is the value returned by `Dali::Ui::AsyncImageLoader::Load`. Check it when a view can have more than one request in flight.

```cpp
class GalleryCellView : public Dali::Ui::View
{
public:
  void QueuePrimaryAndFallback(const Dali::String& primaryUrl,
                               const Dali::String& fallbackUrl,
                               Dali::ImageDimensions dimensions)
  {
    mLoader = Dali::Ui::AsyncImageLoader::New();
    mLoader.ImageLoadedSignal().Connect(this, &GalleryCellView::OnImageLoaded);

    mPrimaryTaskId  = mLoader.Load(primaryUrl, dimensions);
    mFallbackTaskId = mLoader.Load(fallbackUrl, dimensions);
  }

private:
  void OnImageLoaded(uint32_t taskId, Dali::PixelData pixelData)
  {
    if(!pixelData)
    {
      return;
    }

    if(taskId == mPrimaryTaskId)
    {
      // Apply primary image pixels to this View.
      return;
    }

    if(taskId == mFallbackTaskId)
    {
      // Apply fallback image pixels to this View.
      return;
    }
  }

  Dali::Ui::AsyncImageLoader mLoader;
  uint32_t                   mPrimaryTaskId{0u};
  uint32_t                   mFallbackTaskId{0u};
};
```

A valid `Dali::PixelData` in the signal means the image data is available to the callback. If the `Dali::PixelData` handle is not valid, treat the load as failed for that task.

## Tracking and Canceling Work

Use `Dali::Ui::AsyncImageLoader::Cancel` when you only want to cancel one queued request. It takes the task ID returned by `Dali::Ui::AsyncImageLoader::Load` and returns `true` when the task is removed from the queue. A `false` return means the task could not be canceled because it is no longer queued.

```cpp
class ImageRowView : public Dali::Ui::View
{
public:
  void LoadPreview(const Dali::String& url, Dali::ImageDimensions dimensions)
  {
    mLoader = Dali::Ui::AsyncImageLoader::New();
    mLoader.ImageLoadedSignal().Connect(this, &ImageRowView::OnPreviewLoaded);

    mPreviewTaskId = mLoader.Load(url, dimensions);
  }

  bool CancelPreview()
  {
    if(mPreviewTaskId == 0u)
    {
      return false;
    }

    const bool canceled = mLoader.Cancel(mPreviewTaskId);
    if(canceled)
    {
      mPreviewTaskId = 0u;
    }

    return canceled;
  }

private:
  void OnPreviewLoaded(uint32_t taskId, Dali::PixelData pixelData)
  {
    if(taskId == mPreviewTaskId && pixelData)
    {
      // Update this View with the preview image pixels.
    }
  }

  Dali::Ui::AsyncImageLoader mLoader;
  uint32_t                   mPreviewTaskId{0u};
};
```

Use `Dali::Ui::AsyncImageLoader::CancelAll` when the owning view is changing content and no queued loads are still relevant.

```cpp
class SearchResultsView : public Dali::Ui::View
{
public:
  void ClearResults()
  {
    mLoader.CancelAll();
  }

private:
  Dali::Ui::AsyncImageLoader mLoader{Dali::Ui::AsyncImageLoader::New()};
};
```

## Using ImageUrl for External Image Resources

`Dali::Ui::ImageUrl` wraps an external image resource as a URL-like handle. Create it with `Dali::Ui::ImageUrl::New` from an `EncodedImageBuffer`, then retrieve the generated string with `Dali::Ui::ImageUrl::GetUrl`.

Keep the `Dali::Ui::ImageUrl` handle alive while application code still needs the generated URL. When the last handle owner is destroyed, the image resource is requested for removal from the texture manager; if a visual still references it, removal is deferred until the visual releases it.

```cpp
#include <dali-ui-foundation/public-api/image-loader/image-url.h>

class EncodedImageView : public Dali::Ui::View
{
public:
  Dali::String RegisterEncodedImage(const Dali::EncodedImageBuffer& encodedImageBuffer)
  {
    mImageUrl = Dali::Ui::ImageUrl::New(encodedImageBuffer);
    return mImageUrl.GetUrl();
  }

private:
  Dali::Ui::ImageUrl mImageUrl;
};
```

Use `Dali::Ui::ImageUrl::GetUrl` when another dali-ui image-facing API needs a URL string. Keep the `Dali::Ui::ImageUrl` handle alive for as long as the view still depends on the generated URL.

## Handle Ownership and Passing Loader Objects

`Dali::Ui::AsyncImageLoader` and `Dali::Ui::ImageUrl` are handle types. They can be copied or moved. For `Dali::Ui::AsyncImageLoader`, destroying the final loader handle cancels queued loading tasks. For `Dali::Ui::ImageUrl`, destroying the final URL handle requests removal of its external resource.

Use move construction or move assignment when transferring ownership between view-level objects.

```cpp
class LoaderOwnerView : public Dali::Ui::View
{
public:
  void SetLoader(Dali::Ui::AsyncImageLoader loader)
  {
    mLoader = std::move(loader);
  }

  Dali::Ui::AsyncImageLoader TakeLoader()
  {
    return std::move(mLoader);
  }

private:
  Dali::Ui::AsyncImageLoader mLoader;
};
```

When a generic handle is known to contain an image-loader object, use `Dali::Ui::AsyncImageLoader::DownCast` or `Dali::Ui::ImageUrl::DownCast` to recover the typed handle.

```cpp
Dali::Ui::AsyncImageLoader GetTypedLoader(Dali::BaseHandle handle)
{
  return Dali::Ui::AsyncImageLoader::DownCast(handle);
}

Dali::Ui::ImageUrl GetTypedImageUrl(Dali::BaseHandle handle)
{
  return Dali::Ui::ImageUrl::DownCast(handle);
}
```
-----END_REVISED_MARKDOWN-----
-----BEGIN_PROSE_REVIEW_REPORT-----
# Image Loader Prose Review

Changed prose:
- Clarified that `Dali::Ui::AsyncImageLoader` uses a worker thread, matching the public header.
- Changed “completion can be reported as soon as the load is ready” to “completion can be reported immediately,” matching the header note that the signal may be emitted immediately.
- Replaced “loader defaults for sampling and orientation correction” with the exact defaults: `Dali::SamplingMode::BOX_THEN_LINEAR` and orientation correction enabled.
- Standardized “task id” to “task ID” in prose.
- Tightened `Cancel` wording: `false` means the task is no longer queued, rather than only “already being processed.”
- Clarified `Dali::Ui::ImageUrl` lifetime: destruction of the last handle requests texture-manager removal, and visuals may keep the resource alive until released.
- Replaced the generic handle-destruction paragraph with specific final-handle behavior for `Dali::Ui::AsyncImageLoader` and `Dali::Ui::ImageUrl`.

Source evidence:
- `repos/dali-ui/dali-ui-foundation/public-api/image-loader/async-image-loader.h`: `AsyncImageLoader` loads pixel data asynchronously on a worker thread, `Load` returns a task ID, `ImageLoadedSignal` should be connected before `Load`, invalid `PixelData` indicates load errors, `Cancel`, `CancelAll`, and `ImageLoadedSignal` signatures.
- `repos/dali-ui/dali-ui-foundation/public-api/image-loader/async-image-loader.cpp`: public `Load` overloads use `SamplingMode::BOX_THEN_LINEAR` and `orientationCorrection = true`; `Cancel`, `CancelAll`, and `ImageLoadedSignal` forward to the implementation.
- `repos/dali-ui/dali-ui-foundation/internal/image-loader/async-image-loader-impl.cpp`: tasks are queued through `AsyncTaskManager`, completed tasks are removed before signal emission, `CancelAll` clears queued tasks, and the internal destructor calls `CancelAll`.
- `repos/dali-ui/dali-ui-foundation/public-api/image-loader/image-url.h`: `ImageUrl` wraps an external buffer, exposes `New`, `GetUrl`, `DownCast`, copy, and move operations, and documents visual-retained buffer lifetime.
- `repos/dali-ui/dali-ui-foundation/internal/image-loader/image-url-impl.cpp`: `ImageUrl` stores a generated URL and requests external-resource removal from the texture manager in its destructor.

Remaining concerns:
- The examples inherit from `Dali::Ui::View` but only include the image-loader headers, so a standalone compilation unit would need the appropriate `View` header from the application’s existing includes.
- The guide intentionally keeps `ImageUrl::New(Texture&, bool)` out of the examples because the draft and feature profile focus on encoded image buffers for app-facing usage.
-----END_PROSE_REVIEW_REPORT-----
