-----BEGIN_REVISED_MARKDOWN-----
---
title: Label
sidebar_label: Label
category: views-components
---

# Label

`Dali::Ui::Label` displays non-editable text in a dali-ui `Dali::Ui::View` tree.

## Table of Contents

- [Create a Label as a View](#create-a-label-as-a-view)
- [Configure Font and Text Metrics](#configure-font-and-text-metrics)
- [Align Text and Resolve Direction](#align-text-and-resolve-direction)
- [Scale Text for Readability](#scale-text-for-readability)
- [Use Anchor Styling and Click Signals](#use-anchor-styling-and-click-signals)
- [Render Text Asynchronously](#render-text-asynchronously)
- [Use Label Property Constants](#use-label-property-constants)

## Create a Label as a View

`Dali::Ui::Label` is a `Dali::Ui::View`, so application code can create a label and pass it through the same view-based composition path used by other dali-ui components. Use `Dali::Ui::Label::New` with initial UTF-8 text when the label content is known at creation time.

```cpp
Dali::Ui::Label title = Dali::Ui::Label::New("Account settings");

title
  .SetFontFamily("Sans")
  .SetFontSize(28.0f)
  .SetFontWeight(Dali::Ui::Text::FontWeight::BOLD);

Dali::Ui::View titleView = title;
```

Use `Dali::Ui::Label::GetText`, `Dali::Ui::Label::GetFontFamily`, and `Dali::Ui::Label::GetFontSize` when application state needs to inspect the current label configuration.

```cpp
Dali::Ui::Label label = Dali::Ui::Label::New("Connected");

Dali::String text       = label.GetText();
Dali::String family     = label.GetFontFamily();
float        fontSizePx = label.GetFontSize();
```

## Configure Font and Text Metrics

The typed setters on `Dali::Ui::Label` return `Dali::Ui::Label&`, so they can be chained when configuring a component. `Dali::Ui::Label::SetFontSize` uses pixel units, while `Dali::Ui::Label::SetLineHeight` uses the interpretation configured by `Dali::Ui::Label::SetLineHeightMode`.

```cpp
Dali::Ui::Label body = Dali::Ui::Label::New("A concise message for the current screen.");

body
  .SetFontFamily("Sans")
  .SetFontSize(18.0f)
  .SetFontWeight(Dali::Ui::Text::FontWeight::NORMAL)
  .SetFontWidth(Dali::Ui::Text::FontWidth::NORMAL)
  .SetFontSlant(Dali::Ui::Text::FontSlant::NORMAL)
  .SetLineHeight(1.4f);

float fontSize   = body.GetFontSize();
float lineHeight = body.GetLineHeight();
```

Use `Dali::Ui::Text::FontWeight`, `Dali::Ui::Text::FontWidth`, and `Dali::Ui::Text::FontSlant` to express font style without using string-based font properties.

```cpp
Dali::Ui::Label emphasis = Dali::Ui::Label::New("Important");

emphasis
  .SetFontSize(20.0f)
  .SetFontWeight(Dali::Ui::Text::FontWeight::SEMI_BOLD)
  .SetFontWidth(Dali::Ui::Text::FontWidth::NORMAL)
  .SetFontSlant(Dali::Ui::Text::FontSlant::ITALIC);

Dali::Ui::Text::FontWeight weight = emphasis.GetFontWeight();
Dali::Ui::Text::FontSlant  slant  = emphasis.GetFontSlant();
```

## Align Text and Resolve Direction

Use `Dali::Ui::Label::SetHorizontalTextAlignment` to position text within the label's own layout box. `Dali::Ui::Text::Alignment::START`, `Dali::Ui::Text::Alignment::CENTER`, and `Dali::Ui::Text::Alignment::END` are the alignment values exposed by the text API.

```cpp
Dali::Ui::Label heading = Dali::Ui::Label::New("Profile");

heading
  .SetFontSize(24.0f)
  .SetHorizontalTextAlignment(Dali::Ui::Text::Alignment::CENTER);

Dali::Ui::Text::Alignment alignment = heading.GetHorizontalTextAlignment();
```

For bidirectional or localized text, use `Dali::Ui::Label::SetLayoutDirectionMode`. `Dali::Ui::Text::LayoutDirectionMode::CONTENTS` resolves direction from the text content, `Dali::Ui::Text::LayoutDirectionMode::INHERIT` follows the parent view, and `Dali::Ui::Text::LayoutDirectionMode::LOCALE` follows the system locale.

```cpp
Dali::Ui::Label message = Dali::Ui::Label::New("Status");

message
  .SetFontSize(18.0f)
  .SetLayoutDirectionMode(Dali::Ui::Text::LayoutDirectionMode::LOCALE)
  .SetHorizontalTextAlignment(Dali::Ui::Text::Alignment::START);

Dali::Ui::Text::LayoutDirectionMode mode = message.GetLayoutDirectionMode();
```

## Scale Text for Readability

`Dali::Ui::Label::SetFontSizeScale` multiplies the configured font size. Use `Dali::Ui::Label::GetAdjustedFontSizeScale` to read the effective scale after minimum and maximum scale constraints, and the system font size scale when enabled, are applied.

```cpp
Dali::Ui::Label readable = Dali::Ui::Label::New("Readable text");

readable
  .SetFontSize(18.0f)
  .SetFontSizeScale(1.2f);

float requestedScale = readable.GetFontSizeScale();
float adjustedScale  = readable.GetAdjustedFontSizeScale();
```

When an app wants to keep text within a readability range, configure the minimum and maximum font size scales with `Dali::Ui::Label::SetMinimumFontSizeScale` and `Dali::Ui::Label::SetMaximumFontSizeScale`.

```cpp
Dali::Ui::Label caption = Dali::Ui::Label::New("Caption");

caption
  .SetFontSize(14.0f)
  .SetFontSizeScale(1.5f)
  .SetMinimumFontSizeScale(0.8f)
  .SetMaximumFontSizeScale(2.0f);

float minimumScale = caption.GetMinimumFontSizeScale();
float maximumScale = caption.GetMaximumFontSizeScale();
float activeScale  = caption.GetAdjustedFontSizeScale();
```

## Use Anchor Styling and Click Signals

`Dali::Ui::Label` owns anchor color configuration through `Dali::Ui::Label::SetAnchorColor` and `Dali::Ui::Label::SetAnchorClickedColor`. These setters use `Dali::Ui::UiColor`, which can be constructed from direct RGBA components, a hex RGB value, or a theme color identifier.

```cpp
Dali::Ui::Label linkText = Dali::Ui::Label::New("Open details");

linkText
  .SetFontSize(18.0f)
  .SetAnchorColor(Dali::Ui::UiColor(0x1A73E8))
  .SetAnchorClickedColor(Dali::Ui::UiColor(0x174EA6));

Dali::Ui::UiColor normalAnchor  = linkText.GetAnchorColor();
Dali::Ui::UiColor clickedAnchor = linkText.GetAnchorClickedColor();
```

Connect to `Dali::Ui::Label::AnchorClickedSignal` to receive activation of anchors in markup-enabled text. The callback receives the owning `Dali::Ui::View` and the clicked `href` string.

```cpp
void OnAnchorClicked(Dali::Ui::View view, const Dali::String& href)
{
  Dali::Ui::Label source = Dali::Ui::Label::DownCast(view);
  if(source)
  {
    Dali::String currentText = source.GetText();
  }
}

Dali::Ui::Label label = Dali::Ui::Label::New("Read the <a href='settings'>settings guide</a>");

label
  .SetMarkupEnabled(true)
  .SetAnchorColor(Dali::Ui::UiColor(0x1A73E8));

label.AnchorClickedSignal().Connect(&OnAnchorClicked);
```

## Render Text Asynchronously

`Dali::Ui::Label::SetAsyncRendering` enables asynchronous text rendering. When enabled, the label automatically requests asynchronous rendering during relayout as needed. `Dali::Ui::Label::GetAsyncLineCount` returns the line count from the most recent asynchronous result.

```cpp
Dali::Ui::Label feedItem = Dali::Ui::Label::New("A longer item summary can be rendered asynchronously.");

feedItem
  .SetFontFamily("Sans")
  .SetFontSize(16.0f)
  .SetLineHeight(1.3f)
  .SetAsyncRendering(true);

int latestAsyncLines = feedItem.GetAsyncLineCount();
```

Use `Dali::Ui::Label::SetRenderScale` together with asynchronous rendering when text is visually scaled and needs higher rasterization quality. The render scale affects text rasterization quality, not the label layout size, and it must be `1.0f` or greater.

```cpp
Dali::Ui::Label zoomed = Dali::Ui::Label::New("Scaled label");

zoomed
  .SetFontSize(22.0f)
  .SetAsyncRendering(true)
  .SetRenderScale(2.0f);

float renderScale = zoomed.GetRenderScale();
```

## Use Label Property Constants

Prefer typed setters such as `Dali::Ui::Label::SetFontSize`, `Dali::Ui::Label::SetFontFamily`, and `Dali::Ui::Label::SetAsyncRendering` in application code. When a binding layer or metadata system needs property identifiers, use the constants owned by `Dali::Ui::Label::Property`.

```cpp
int textProperty        = Dali::Ui::Label::Property::TEXT;
int fontSizeProperty    = Dali::Ui::Label::Property::FONT_SIZE;
int fontFamilyProperty  = Dali::Ui::Label::Property::FONT_FAMILY;
int asyncProperty       = Dali::Ui::Label::Property::ASYNC_RENDERING;
int textColorProperty   = Dali::Ui::Label::Property::TEXT_COLOR;
int lineHeightProperty  = Dali::Ui::Label::Property::LINE_HEIGHT;
```

`Dali::Ui::Label::Property` also owns constants for layout, scaling, anchor, marquee, and rendering behavior, including `Dali::Ui::Label::Property::HORIZONTAL_ALIGNMENT`, `Dali::Ui::Label::Property::LAYOUT_DIRECTION_MODE`, `Dali::Ui::Label::Property::FONT_SIZE_SCALE`, `Dali::Ui::Label::Property::ANCHOR_COLOR`, `Dali::Ui::Label::Property::ANCHOR_CLICKED_COLOR`, `Dali::Ui::Label::Property::RENDER_SCALE`, and `Dali::Ui::Label::Property::PIXEL_SNAP_FACTOR`.

```cpp
int horizontalAlignmentProperty = Dali::Ui::Label::Property::HORIZONTAL_ALIGNMENT;
int layoutDirectionProperty     = Dali::Ui::Label::Property::LAYOUT_DIRECTION_MODE;
int fontScaleProperty           = Dali::Ui::Label::Property::FONT_SIZE_SCALE;
int anchorColorProperty         = Dali::Ui::Label::Property::ANCHOR_COLOR;
int renderScaleProperty         = Dali::Ui::Label::Property::RENDER_SCALE;
```
-----END_REVISED_MARKDOWN-----
-----BEGIN_PROSE_REVIEW_REPORT-----
# Label Prose Review

Changed prose:
- Clarified that `SetLineHeight` is interpreted by `SetLineHeightMode`.
- Replaced "stringly typed" with "string-based" for clearer guide tone.
- Expanded `GetAdjustedFontSizeScale` wording to include system font size scale when enabled.
- Updated anchor prose to state that `AnchorClickedSignal` applies to anchors in markup-enabled text.
- Added theme color identifiers to the `UiColor` construction description.
- Clarified async rendering behavior as automatic requests during relayout as needed.
- Added the `SetRenderScale` constraint that the value must be `1.0f` or greater and that it is valid with async rendering.

Changed code:
- Updated the anchor signal example to use `<a href='...'>` markup and `SetMarkupEnabled(true)`, because a plain text label would not demonstrate anchor activation.

Source evidence:
- `repos/dali-ui/dali-ui-foundation/public-api/label.h` defines `Dali::Ui::Label` as a `Dali::Ui::View`, `Label::New`, typed setters returning `Label&`, getters, property constants, async APIs, and signal signatures.
- `repos/dali-ui/dali-ui-foundation/public-api/label.h` documents `SetLineHeight`, `SetLineHeightMode`, `SetLayoutDirectionMode`, `SetAsyncRendering`, `SetRenderScale`, `GetAsyncLineCount`, and `GetAdjustedFontSizeScale`.
- `repos/dali-ui/dali-ui-foundation/public-api/text/text-enumerations.h` confirms `Alignment`, `LayoutDirectionMode`, `LineHeightMode`, `FontWeight`, `FontWidth`, and `FontSlant` values used in the examples.
- `repos/dali-ui/dali-ui-foundation/public-api/ui-color.h` confirms `UiColor` supports RGBA components, `Vector4`, string color identifiers, and hex RGB construction.
- `repos/dali-ui/samples/text/text-markup-example.cpp` shows anchor markup with `SetMarkupEnabled(true)`, anchor colors, and `AnchorClickedSignal`.
- `repos/dali-ui/samples/text/text-example.cpp` shows async render, async natural size, and async height-for-width signal usage.
- `repos/dali-ui/automated-tests/src/dali-ui-foundation/utc-Dali-Label.cpp` confirms line-height mode, layout direction mode, anchor color, render scale, and property constant behavior.

Remaining concerns:
- The guide keeps the original section structure and does not add marquee, text fit, or style-effect sections, even though those APIs exist, because this pass requested localized prose review rather than a full rewrite.
-----END_PROSE_REVIEW_REPORT-----
