-----BEGIN_REVISED_MARKDOWN-----
---
title: Ui Color
sidebar_label: Ui Color
category: styling-theme-config
---

# Ui Color

`Dali::Ui::UiColor` represents dali-ui colors as either direct RGBA values or string-based color IDs that are resolved through the current theme color table.

## Table of Contents

- [Choosing Theme Colors for Views](#choosing-theme-colors-for-views)
- [Creating Direct RGBA Colors](#creating-direct-rgba-colors)
- [Adjusting Alpha](#adjusting-alpha)
- [Reading and Reusing Colors](#reading-and-reusing-colors)
- [Recommended Usage](#recommended-usage)

## Choosing Theme Colors for Views

Use predefined `Dali::Ui::UiColor` values when a view should follow the active dali-ui theme. `Dali::Ui::UiColor::PRIMARY`, `Dali::Ui::UiColor::BACKGROUND`, and `Dali::Ui::UiColor::OUTLINE` are color IDs, so dali-ui can resolve them from the current theme instead of treating them as fixed RGBA values.

```cpp
#include <dali-ui-foundation/dali-ui-foundation.h>

using namespace Dali;
using namespace Dali::Ui;

View CreateThemedPanel()
{
  return View::New()
    .SetBackgroundColor(UiColor::BACKGROUND)
    .SetBorderlineWidth(2.0f)
    .SetBorderlineColor(UiColor::OUTLINE);
}

View CreatePrimaryActionSurface()
{
  return View::New()
    .SetBackgroundColor(UiColor::PRIMARY)
    .SetRequestedWidth(160_spx)
    .SetRequestedHeight(56_spx);
}
```

When a `Dali::Ui::View` receives an ID-based `Dali::Ui::UiColor` through APIs such as `Dali::Ui::View::SetBackgroundColor()` or `Dali::Ui::View::SetBorderlineColor()`, the view can keep a theme binding and refresh the property when the theme changes. Direct RGBA values are applied immediately.

`Dali::Ui::UiColor::HasColorId()` tells you whether a color is ID-based. `Dali::Ui::UiColor::GetColorId()` returns the ID string for ID-based colors and an empty string for direct RGBA colors.

```cpp
UiColor color = UiColor::PRIMARY;

if(color.HasColorId())
{
  String tokenName = color.GetColorId();
}
```

## Creating Direct RGBA Colors

Use `Dali::Ui::UiColor::UiColor(float r, float g, float b, float a)` when a color should be fixed and independent of theme changes. The alpha argument defaults to `1.0f`.

```cpp
#include <dali-ui-foundation/dali-ui-foundation.h>

using namespace Dali;
using namespace Dali::Ui;

View CreateFixedColorBadge()
{
  UiColor badgeColor(0.2f, 0.48f, 1.0f, 1.0f);

  return View::New()
    .SetBackgroundColor(badgeColor)
    .SetRequestedWidth(96_spx)
    .SetRequestedHeight(32_spx);
}

View CreateOpaqueNeutralSurface()
{
  UiColor neutral(0.92f, 0.92f, 0.92f);

  return View::New()
    .SetBackgroundColor(neutral);
}
```

A default-constructed `Dali::Ui::UiColor` has no color ID and resolves to transparent black.

```cpp
UiColor emptyColor;

bool hasToken = emptyColor.HasColorId(); // false
Vector4 rgba = emptyColor.GetRgba();     // transparent black
```

## Adjusting Alpha

Use `Dali::Ui::UiColor::WithAlpha()` when you want a specific alpha value. This is useful for overlays, outlines, disabled states, and layered surfaces.

```cpp
#include <dali-ui-foundation/dali-ui-foundation.h>

using namespace Dali;
using namespace Dali::Ui;

View CreateScrim()
{
  UiColor scrimColor = UiColor::BACKGROUND.WithAlpha(0.72f);

  return View::New()
    .SetBackgroundColor(scrimColor);
}

View CreateSubtleOutline()
{
  return View::New()
    .SetBackgroundColor(UiColor::BACKGROUND)
    .SetBorderlineWidth(1.0f)
    .SetBorderlineColor(UiColor::OUTLINE.WithAlpha(0.35f));
}
```

Use `Dali::Ui::UiColor::ScaleAlpha()` when you want to multiply the current alpha by a factor. For ID-based colors, the color ID is preserved and the alpha adjustment is applied when the color is resolved.

```cpp
UiColor base = UiColor::PRIMARY.WithAlpha(0.8f);
UiColor pressed = base.ScaleAlpha(0.6f);

View button = View::New()
  .SetBackgroundColor(base);

button.SetBackgroundColor(pressed);
```

Both `Dali::Ui::UiColor::WithAlpha()` and `Dali::Ui::UiColor::ScaleAlpha()` clamp alpha to the `0.0f` to `1.0f` range and return a new `Dali::Ui::UiColor`, so they work naturally with fluent view setup.

## Reading and Reusing Colors

Use `Dali::Ui::UiColor::GetRgba()` when you need the resolved RGBA value as a `Vector4`. For ID-based colors, resolution looks up the current theme color table and returns transparent black if the ID cannot be resolved. For direct RGBA colors, the stored value is returned.

```cpp
UiColor themePrimary = UiColor::PRIMARY;
Vector4 resolvedPrimary = themePrimary.GetRgba();

UiColor fixed(1.0f, 0.0f, 0.0f, 0.5f);
Vector4 fixedRgba = fixed.GetRgba();
```

`Dali::Ui::UiColor` also provides `Dali::Ui::UiColor::operator Vector4()`, which is equivalent to resolving the color with `Dali::Ui::UiColor::GetRgba()`.

```cpp
UiColor color = UiColor::OUTLINE.WithAlpha(0.5f);
Vector4 rgba = color;
```

You can copy and assign `Dali::Ui::UiColor` values directly.

```cpp
UiColor normal = UiColor::PRIMARY;
UiColor highlighted;

highlighted = normal.WithAlpha(0.85f);

View view = View::New()
  .SetBackgroundColor(highlighted);
```

## Recommended Usage

Prefer theme-linked colors such as `Dali::Ui::UiColor::PRIMARY`, `Dali::Ui::UiColor::BACKGROUND`, and `Dali::Ui::UiColor::OUTLINE` for app surfaces that should adapt with the active dali-ui theme.

Use direct RGBA construction only for colors that are intentionally fixed, such as diagnostic states, generated palettes, or artwork-specific colors.

```cpp
View CreateCard()
{
  const UiColor cardBackground = UiColor::BACKGROUND;
  const UiColor cardOutline = UiColor::OUTLINE.WithAlpha(0.24f);

  return View::New()
    .SetBackgroundColor(cardBackground)
    .SetBorderlineWidth(1.0f)
    .SetBorderlineColor(cardOutline)
    .SetRequestedWidth(240_spx)
    .SetRequestedHeight(160_spx);
}
```

Keep `Dali::Ui::UiColor` at the app-facing styling layer and apply it through `Dali::Ui::View` APIs. This keeps color usage aligned with dali-ui theme behavior and avoids raw actor property code.
-----END_REVISED_MARKDOWN-----
-----BEGIN_PROSE_REVIEW_REPORT-----
# Ui Color Prose Review

Changed prose:
- Replaced “theme-linked color tokens” wording with “string-based color IDs” / “ID-based colors” to match `UiColor` public API terminology.
- Added a localized paragraph explaining that `View::SetBackgroundColor()` and `View::SetBorderlineColor()` register theme bindings for ID-based colors and apply direct RGBA values immediately.
- Clarified `ScaleAlpha()` behavior for ID-based colors: the color ID is preserved and alpha is applied during resolution.
- Clarified that `WithAlpha()` and `ScaleAlpha()` clamp alpha to `0.0f` through `1.0f`.
- Clarified `GetRgba()` fallback behavior for unresolved IDs as transparent black.

Source evidence:
- `repos/dali-ui/dali-ui-foundation/public-api/ui-color.h` defines `Dali::Ui::UiColor`, predefined `PRIMARY`, `BACKGROUND`, `OUTLINE`, RGBA and string-ID constructors, `HasColorId()`, `GetColorId()`, `GetRgba()`, `operator Vector4()`, `ScaleAlpha()`, and `WithAlpha()`.
- `repos/dali-ui/dali-ui-foundation/public-api/ui-color.cpp` defines predefined IDs as `"Primary"`, `"Background"`, and `"Outline"`, resolves ID-based colors through `UiColorManager`, returns `Vector4::ZERO` for unresolved IDs, preserves IDs during alpha operations, and clamps alpha.
- `repos/dali-ui/dali-ui-foundation/public-api/view.h` documents that `View::SetBackgroundColor()` and `View::SetBorderlineColor()` resolve ID-based `UiColor` values from the current theme and register bindings.
- `repos/dali-ui/samples/color-controls/color-controls-example.cpp` shows app-facing use of `View::New()`, `SetBackgroundColor(UiColor::BACKGROUND)`, `SetBackgroundColor(UiColor::PRIMARY)`, and custom string color IDs.
- `repos/dali-ui/automated-tests/src/dali-ui-foundation/utc-Dali-UiColor.cpp` verifies default transparent black, RGBA default alpha, predefined ID strings, copy/assignment behavior, alpha clamping, unresolved-ID fallback, and `operator Vector4()`.

Remaining concerns:
- Code blocks were preserved because they match public fluent `Dali::Ui::View` APIs and the requested guide profile.
- The guide still focuses on the most app-facing `UiColor` usage and does not enumerate every constructor, such as `Vector4`, string ID, or `0xRRGGBB`, to avoid turning the guide into a mechanical API listing.
-----END_PROSE_REVIEW_REPORT-----
