-----BEGIN_REVISED_MARKDOWN-----
---
title: Ui Color Manager
sidebar_label: Ui Color Manager
category: styling-theme-config
---

# Ui Color Manager

`Dali::Ui::UiColorManager` provides app-level access to theme color lookup and named color bindings for `Dali::Ui::View` based UI code.

## Table of Contents

- [Getting the Color Manager](#getting-the-color-manager)
- [Reading Theme Colors](#reading-theme-colors)
- [Binding Theme Colors to Views](#binding-theme-colors-to-views)
- [Updating and Clearing Bindings](#updating-and-clearing-bindings)
- [Overriding Theme Color Lookup](#overriding-theme-color-lookup)
- [Invalidating Cached Color Values](#invalidating-cached-color-values)

## Getting the Color Manager

Use `Dali::Ui::UiColorManager::Get` to access the singleton manager. A default-constructed `Dali::Ui::UiColorManager` is only an uninitialized handle; application code should normally obtain the live manager through `Dali::Ui::UiColorManager::Get`.

```cpp
#include <dali-ui-foundation/public-api/ui-color-manager.h>

void ConfigureColors()
{
  Dali::Ui::UiColorManager colorManager = Dali::Ui::UiColorManager::Get();

  if(colorManager)
  {
    // The singleton is ready for color lookup and binding operations.
  }
}
```

`Dali::Ui::UiColorManager::DownCast` is useful when code receives a generic `Dali::BaseHandle` and needs to recover a color manager handle.

```cpp
#include <dali/public-api/object/base-handle.h>
#include <dali-ui-foundation/public-api/ui-color-manager.h>

Dali::Ui::UiColorManager AsColorManager(Dali::BaseHandle handle)
{
  return Dali::Ui::UiColorManager::DownCast(handle);
}
```

## Reading Theme Colors

Call `Dali::Ui::UiColorManager::GetColor` with a color identifier to resolve a theme color to an RGBA `Dali::Vector4`. The `Dali::Vector4` overload returns `Dali::Vector4::ZERO` when the ID is not found; use the boolean overload when missing colors need separate handling.

```cpp
#include <dali/public-api/math/vector4.h>
#include <dali-ui-foundation/public-api/ui-color-manager.h>

Dali::Vector4 ReadPrimaryColor()
{
  Dali::Ui::UiColorManager colorManager = Dali::Ui::UiColorManager::Get();
  return colorManager.GetColor("Primary");
}
```

A common pattern is to centralize color lookup before applying colors to dali-ui views. Keep the app-facing object model as `Dali::Ui::View`, and pass resolved colors into your own view update code.

```cpp
#include <dali/public-api/math/vector4.h>
#include <dali-ui-foundation/public-api/ui-color-manager.h>
#include <dali-ui-foundation/public-api/view.h>

void ApplyResolvedPalette(Dali::Ui::View view)
{
  Dali::Ui::UiColorManager colorManager = Dali::Ui::UiColorManager::Get();

  Dali::Vector4 primary    = colorManager.GetColor("Primary");
  Dali::Vector4 background = colorManager.GetColor("Background");
  Dali::Vector4 outline    = colorManager.GetColor("Outline");

  // Apply these values through the dali-ui view APIs used by your component.
  (void)view;
  (void)primary;
  (void)background;
  (void)outline;
}
```

## Binding Theme Colors to Views

A binding associates a caller-defined binding ID with a target handle and a callback that applies a resolved color. For app-facing code, pass the `Dali::Ui::View` that owns the visual state. Register the binding with `Dali::Ui::UiColorManager::RegisterBinding`, then store the selected token color with `Dali::Ui::UiColorManager::SetBindingColor`.

```cpp
#include <dali/public-api/math/vector4.h>
#include <dali-ui-foundation/public-api/callback.h>
#include <dali-ui-foundation/public-api/ui-color.h>
#include <dali-ui-foundation/public-api/ui-color-manager.h>
#include <dali-ui-foundation/public-api/view.h>

class PaletteApplier
{
public:
  void SetAccentColor(const Dali::Vector4& color)
  {
    mAccentColor = color;
  }

  void BindAccentColor(Dali::Ui::View view)
  {
    Dali::Ui::UiColorManager colorManager = Dali::Ui::UiColorManager::Get();

    colorManager.RegisterBinding(
      view,
      "AccentColor",
      Dali::Ui::ColorCallback::New(this, &PaletteApplier::SetAccentColor));

    colorManager.SetBindingColor(
      view,
      "AccentColor",
      Dali::Ui::UiColor("Primary"));
  }

private:
  Dali::Vector4 mAccentColor;
};
```

`Dali::Ui::UiColorManager::RegisterBinding` and `Dali::Ui::UiColorManager::SetBindingColor` do not apply the color immediately. The callback is used when bindings are refreshed, such as after a theme change or after `Dali::Ui::UiColorManager::SetColorOverride` or `Dali::Ui::UiColorManager::ClearColorOverride`. If your component needs an immediate value, read with `Dali::Ui::UiColorManager::GetColor` and apply it directly in your component code.

```cpp
#include <dali/public-api/math/vector4.h>
#include <dali-ui-foundation/public-api/callback.h>
#include <dali-ui-foundation/public-api/ui-color.h>
#include <dali-ui-foundation/public-api/ui-color-manager.h>
#include <dali-ui-foundation/public-api/view.h>

class HeaderStyle
{
public:
  void SetHeaderColor(const Dali::Vector4& color)
  {
    mHeaderColor = color;
  }

  void Configure(Dali::Ui::View headerView)
  {
    Dali::Ui::UiColorManager colorManager = Dali::Ui::UiColorManager::Get();

    colorManager.RegisterBinding(
      headerView,
      "HeaderColor",
      Dali::Ui::ColorCallback::New(this, &HeaderStyle::SetHeaderColor));

    colorManager.SetBindingColor(
      headerView,
      "HeaderColor",
      Dali::Ui::UiColor("Primary"));

    SetHeaderColor(colorManager.GetColor("Primary"));
  }

private:
  Dali::Vector4 mHeaderColor;
};
```

Many `Dali::Ui::View` color setters already use this binding mechanism when they receive a token-backed `Dali::Ui::UiColor`. Use `Dali::Ui::UiColorManager` directly when you need a custom binding ID or a custom callback.

## Updating and Clearing Bindings

Use `Dali::Ui::UiColorManager::HasBinding` to check whether a view already has a binding ID, and `Dali::Ui::UiColorManager::GetBindingColor` to retrieve the stored `Dali::Ui::UiColor`.

```cpp
#include <dali-ui-foundation/public-api/ui-color.h>
#include <dali-ui-foundation/public-api/ui-color-manager.h>
#include <dali-ui-foundation/public-api/view.h>

bool UsesAccentBinding(Dali::Ui::View view)
{
  Dali::Ui::UiColorManager colorManager = Dali::Ui::UiColorManager::Get();
  return colorManager.HasBinding(view, "AccentColor");
}

bool ReadAccentBinding(Dali::Ui::View view, Dali::Ui::UiColor& color)
{
  Dali::Ui::UiColorManager colorManager = Dali::Ui::UiColorManager::Get();
  return colorManager.GetBindingColor(view, "AccentColor", color);
}
```

Calling `Dali::Ui::UiColorManager::SetBindingColor` again with the same view and binding ID replaces the stored color. If the binding ID has not been registered for that view, `Dali::Ui::UiColorManager::SetBindingColor` has no effect.

```cpp
#include <dali-ui-foundation/public-api/ui-color.h>
#include <dali-ui-foundation/public-api/ui-color-manager.h>
#include <dali-ui-foundation/public-api/view.h>

void SwitchAccentToBackground(Dali::Ui::View view)
{
  Dali::Ui::UiColorManager colorManager = Dali::Ui::UiColorManager::Get();

  if(colorManager.HasBinding(view, "AccentColor"))
  {
    colorManager.SetBindingColor(
      view,
      "AccentColor",
      Dali::Ui::UiColor("Background"));
  }
}
```

Use `Dali::Ui::UiColorManager::ClearBinding` to remove one named binding, or `Dali::Ui::UiColorManager::ClearBindings` to remove every binding associated with a view.

```cpp
#include <dali-ui-foundation/public-api/ui-color-manager.h>
#include <dali-ui-foundation/public-api/view.h>

void RemoveAccentBinding(Dali::Ui::View view)
{
  Dali::Ui::UiColorManager colorManager = Dali::Ui::UiColorManager::Get();
  colorManager.ClearBinding(view, "AccentColor");
}

void RemoveAllColorBindings(Dali::Ui::View view)
{
  Dali::Ui::UiColorManager colorManager = Dali::Ui::UiColorManager::Get();
  colorManager.ClearBindings(view);
}
```

## Overriding Theme Color Lookup

`Dali::Ui::UiColorManager::SetColorOverride` installs a function that is checked before normal theme color lookup. The function receives the color ID and writes the replacement color to the output parameter. Return `true` when the override handles the ID, or `false` to continue with normal theme lookup. Setting or clearing the override refreshes existing view bindings immediately.

```cpp
#include <dali/public-api/common/dali-string-view.h>
#include <dali/public-api/math/vector4.h>
#include <dali-ui-foundation/public-api/ui-color-manager.h>

bool UseHighContrastPrimary(Dali::StringView colorId, Dali::Vector4& outColor)
{
  if(colorId == "Primary")
  {
    outColor = Dali::Vector4(1.0f, 1.0f, 1.0f, 1.0f);
    return true;
  }

  return false;
}

void EnableHighContrastColors()
{
  Dali::Ui::UiColorManager colorManager = Dali::Ui::UiColorManager::Get();
  colorManager.SetColorOverride(UseHighContrastPrimary);
}
```

The override is a plain function pointer. Use a free function or a stateless lambda that can convert to that function pointer type, and keep the function safe for any thread that may perform color lookup.

```cpp
#include <dali/public-api/math/vector4.h>
#include <dali-ui-foundation/public-api/ui-color-manager.h>

void EnableBlackThemePreview()
{
  Dali::Ui::UiColorManager colorManager = Dali::Ui::UiColorManager::Get();

  colorManager.SetColorOverride(
    [](Dali::StringView, Dali::Vector4& outColor) -> bool
    {
      outColor = Dali::Vector4(0.0f, 0.0f, 0.0f, 1.0f);
      return true;
    });
}
```

Use `Dali::Ui::UiColorManager::ClearColorOverride` to return to normal theme lookup. Passing `nullptr` to `Dali::Ui::UiColorManager::SetColorOverride` also clears the override.

```cpp
#include <dali-ui-foundation/public-api/ui-color-manager.h>

void DisableColorOverride()
{
  Dali::Ui::UiColorManager colorManager = Dali::Ui::UiColorManager::Get();

  colorManager.ClearColorOverride();

  // Equivalent:
  colorManager.SetColorOverride(nullptr);
}
```

## Invalidating Cached Color Values

Use `Dali::Ui::UiColorManager::InvalidateCache` when color resolution should be recomputed. This is especially useful when an installed override function changes the values it returns without replacing the override function.

```cpp
#include <dali-ui-foundation/public-api/ui-color-manager.h>

void RefreshAllResolvedColors()
{
  Dali::Ui::UiColorManager colorManager = Dali::Ui::UiColorManager::Get();
  colorManager.InvalidateCache();
}
```

To invalidate cached resolution after a particular token-backed `Dali::Ui::UiColor` changes, pass that color to `Dali::Ui::UiColorManager::InvalidateCache`. Passing a direct RGBA `Dali::Ui::UiColor` has no effect.

```cpp
#include <dali-ui-foundation/public-api/ui-color.h>
#include <dali-ui-foundation/public-api/ui-color-manager.h>

void RefreshPrimaryOnly()
{
  Dali::Ui::UiColorManager colorManager = Dali::Ui::UiColorManager::Get();
  Dali::Ui::UiColor primary("Primary");

  colorManager.InvalidateCache(primary);
}
```
-----END_REVISED_MARKDOWN-----
-----BEGIN_PROSE_REVIEW_REPORT-----
# Ui Color Manager Prose Review

Changed prose:
- Clarified that `Dali::Ui::UiColorManager` covers theme color lookup and named bindings, matching the public header wording.
- Changed “empty handle” to “uninitialized handle” for default construction.
- Added `Dali::Ui::UiColorManager::GetColor` missing-color behavior: `Dali::Vector4::ZERO` for the value overload and a separate boolean overload.
- Adjusted binding prose to say the target is a handle, while app-facing examples should pass `Dali::Ui::View`.
- Clarified that `RegisterBinding` and `SetBindingColor` do not apply immediately, and that callbacks refresh on theme changes and when color overrides are set or cleared.
- Added that `Dali::Ui::View` color setters already use the binding mechanism for token-backed `Dali::Ui::UiColor`, so direct manager use is mainly for custom binding IDs or callbacks.
- Added that `SetBindingColor` is a no-op when the binding ID has not already been registered.
- Added that setting or clearing an override refreshes existing bindings immediately.
- Added the thread-safety caution for color override functions.
- Tightened cache prose: `InvalidateCache()` is useful when override behavior changes without replacing the override function, and the `UiColor` overload applies to token-backed colors while direct RGBA colors are a no-op.

Source evidence:
- `repos/dali-ui/dali-ui-foundation/public-api/ui-color-manager.h`: public API signatures and comments for `Get`, `DownCast`, `GetColor`, `RegisterBinding`, `SetBindingColor`, `SetColorOverride`, `ClearColorOverride`, and `InvalidateCache`.
- `repos/dali-ui/dali-ui-foundation/internal/ui-color-manager-impl.cpp`: confirms override-first lookup, `Vector4::ZERO` fallback, binding refresh on theme/override changes, `SetBindingColor` no-op for missing bindings, and cache invalidation behavior.
- `repos/dali-ui/automated-tests/src/dali-ui-foundation/utc-Dali-UiColorManager.cpp`: confirms singleton behavior, default constructor invalid handle, default colors, binding storage/replacement/clear, override fallback, immediate refresh on override set/clear, and `nullptr` clearing.
- `repos/dali-ui/dali-ui-foundation/public-api/view-impl.h` and `view-impl.cpp`: confirm `Dali::Ui::View` setters use internal color binding for token-backed `Dali::Ui::UiColor`.

Remaining concerns:
- The public header describes `InvalidateCache(const UiColor&)` as invalidating a specific token color, but the current implementation invalidates all cached colors for token-backed inputs. The guide avoids promising per-token-only behavior.
- The examples remain intentionally focused on public API shape and do not demonstrate every concrete `Dali::Ui::View` color setter.
-----END_PROSE_REVIEW_REPORT-----
