[36mCompleted installing Cline SR(1.19.1) extension from VSIX.Please reload Visual Studio Code to enable it.[0m
---
title: Image
sidebar_label: Image
category: images-visuals
---

# Image

ImageView and AnimatedImageView provide the primary APIs for displaying static and animated images in dali-ui applications.

## Table of Contents

- [Creating an ImageView](#creating-an-imageview)
- [Image Fitting and Sampling](#image-fitting-and-sampling)
- [Loading Policies](#loading-policies)
- [Animated Images](#animated-images)
- [Pixel Area and Sub-Regions](#pixel-area-and-sub-regions)
- [Alpha Masking](#alpha-masking)
- [Resource Signals](#resource-signals)

## Creating an ImageView

Use `ImageView::New()` to create an image view. Pass a URL to load an image from a file path or resource.

```cpp
#include <dali-ui-foundation/public-api/image-view.h>

using namespace Dali;
using namespace Dali::Ui;

// Create an empty ImageView
ImageView imageView = ImageView::New();

// Create an ImageView with an image URL
ImageView imageView = ImageView::New("images/photo.jpg");

// Set the image URL after creation
imageView.SetResourceUrl("images/another.png");
```

The image loads asynchronously by default. Use `ResourceReadySignal()` to be notified when loading completes.

## Image Fitting and Sampling

Control how the image scales to fit the view bounds using `SetFittingMode()`. The default is `Ui::Image::FittingMode::FILL`, which stretches the image to fill the view.

```cpp
// Preserve aspect ratio (may show empty areas)
imageView.SetFittingMode(Ui::Image::FittingMode::FIT_KEEP_ASPECT_RATIO);

// Stretch to fill the view (may distort)
imageView.SetFittingMode(Ui::Image::FittingMode::FILL);

// Fill while preserving aspect ratio, cropping overflow
imageView.SetFittingMode(Ui::Image::FittingMode::OVER_FIT_KEEP_ASPECT_RATIO);

// Display at original image size
imageView.SetFittingMode(Ui::Image::FittingMode::CENTER);
```

Control the filtering quality when scaling with `SetSamplingMode()`:

```cpp
// Nearest-neighbor sampling (pixelated look)
imageView.SetSamplingMode(Ui::Image::SamplingMode::NEAREST);

// Linear filtering (smooth)
imageView.SetSamplingMode(Ui::Image::SamplingMode::LINEAR);

// High-quality Lanczos filtering
imageView.SetSamplingMode(Ui::Image::SamplingMode::LANCZOS);
```

## Loading Policies

Control when images load and when they release from the texture cache.

### Load Policy

`Ui::Image::LoadPolicy` determines when loading begins:

```cpp
// Load immediately when the view is created
imageView.SetLoadPolicy(Ui::Image::LoadPolicy::IMMEDIATE);

// Defer loading until the view is added to the scene (default)
imageView.SetLoadPolicy(Ui::Image::LoadPolicy::ATTACHED);
```

### Release Policy

`Ui::Image::ReleasePolicy` controls when the texture is released from cache:

```cpp
// Release when the view is removed from the scene
imageView.SetReleasePolicy(Ui::Image::ReleasePolicy::DETACHED);

// Release when the view is destroyed
imageView.SetReleasePolicy(Ui::Image::ReleasePolicy::DESTROYED);

// Never release (keep cached)
imageView.SetReleasePolicy(Ui::Image::ReleasePolicy::NEVER);
```

### Synchronous Loading

For small images where blocking is acceptable, enable synchronous loading:

```cpp
imageView.SetSynchronousLoading(true);
```

### Fast-Track Uploading

Enable background GPU upload to reduce main-thread stalls:

```cpp
imageView.SetFastTrackUpload(true);
```

## Animated Images

`AnimatedImageView` displays animated GIF, WebP, and frame sequences with playback control.

### Basic Playback

```cpp
#include <dali-ui-foundation/public-api/animated-image-view.h>

AnimatedImageView animView = AnimatedImageView::New("animations/spinner.gif");

// Start playback
animView.Play();

// Pause playback
animView.Pause();

// Stop and reset to first frame
animView.Stop();
```

### Loop Count

Set how many times the animation repeats:

```cpp
// Loop infinitely
animView.SetLoopCount(-1);

// Loop exactly 3 times
animView.SetLoopCount(3);

// Play once
animView.SetLoopCount(1);
```

### Frame Control

Jump to specific frames and control playback speed:

```cpp
// Jump to frame 5
animView.JumpToFrame(5);

// Get current frame
int currentFrame = animView.GetCurrentFrame();

// Get total frame count
int totalFrames = animView.GetTotalFrame();

// Speed up playback (2x)
animView.SetFrameSpeedFactor(2.0f);

// Slow down playback (0.5x)
animView.SetFrameSpeedFactor(0.5f);
```

### Stop Behavior

Control which frame displays when stopped:

```cpp
// Show current frame when stopped
animView.SetStopBehavior(Ui::AnimatedImage::StopBehavior::CURRENT_FRAME);

// Show first frame when stopped
animView.SetStopBehavior(Ui::AnimatedImage::StopBehavior::FIRST_FRAME);

// Show last frame when stopped
animView.SetStopBehavior(Ui::AnimatedImage::StopBehavior::LAST_FRAME);
```

### Frame Sequence from URLs

Load an animation from individual frame images:

```cpp
Dali::Vector<Dali::String> urls;
urls.PushBack(Dali::String("frames/frame-001.png"));
urls.PushBack(Dali::String("frames/frame-002.png"));
urls.PushBack(Dali::String("frames/frame-003.png"));

animView.SetBatchSize(4);  // Pre-load 4 frames at a time
animView.SetCacheSize(10); // Cache 10 frames
animView.SetFrameDelay(100); // 100ms between frames
animView.SetResourceUrls(urls);
animView.Play();
```

## Pixel Area and Sub-Regions

Display a portion of an image using `SetPixelArea()`. The area is specified as normalized coordinates `(x, y, width, height)` in the range `[0, 1]`.

```cpp
// Display the full image
imageView.SetPixelArea(Vector4(0.0f, 0.0f, 1.0f, 1.0f));

// Display the top-left quadrant
imageView.SetPixelArea(Vector4(0.0f, 0.0f, 0.5f, 0.5f));

// Display the center region
imageView.SetPixelArea(Vector4(0.25f, 0.25f, 0.5f, 0.5f));
```

Pixel area works with both `ImageView` and `AnimatedImageView`:

```cpp
AnimatedImageView animView = AnimatedImageView::New("animation.gif");
animView.SetPixelArea(Vector4(0.0f, 0.0f, 0.5f, 0.5f));
animView.Play();
```

## Alpha Masking

Apply an alpha mask to shape the image:

```cpp
// Set the mask image URL
imageView.SetAlphaMaskUrl("masks/rounded-corner-mask.png");

// Crop the image to mask bounds
imageView.SetCropToMask(true);

// Set masking mode
imageView.SetMaskingMode(Ui::Image::MaskingType::MASKING_ON_LOADING);
```

## Resource Signals

Connect to `ResourceReadySignal()` to be notified when an image finishes loading:

```cpp
class MyController : public ConnectionTracker
{
public:
  void SetupImageView()
  {
    mImageView = ImageView::New("images/large-photo.jpg");
    mImageView.ResourceReadySignal().Connect(this, &MyController::OnImageReady);
  }

private:
  void OnImageReady(View view)
  {
    ImageView iv = ImageView::DownCast(view);
    if(iv && iv.GetLoadingStatus() == Ui::Visual::ResourceStatus::READY)
    {
      // Image is ready to display
    }
  }

  ImageView mImageView;
};
```

For animated images, connect to `AnimationFinishedSignal()` to detect when playback completes:

```cpp
class MyController : public ConnectionTracker
{
public:
  void SetupAnimatedView()
  {
    mAnimView = AnimatedImageView::New("animation.gif");
    mAnimView.SetLoopCount(3);
    mAnimView.AnimationFinishedSignal().Connect(this, &MyController::OnAnimationFinished);
    mAnimView.Play();
  }

private:
  void OnAnimationFinished(View view)
  {
    // Animation completed all loops
  }

  AnimatedImageView mAnimView;
};
```

### Checking Loading Status

Query the current loading status:

```cpp
Ui::Visual::ResourceStatus status = imageView.GetLoadingStatus();

if(status == Ui::Visual::ResourceStatus::PREPARING)
{
  // Still loading
}
else if(status == Ui::Visual::ResourceStatus::READY)
{
  // Ready
}
else if(status == Ui::Visual::ResourceStatus::FAILED)
{
  // Load failed
}
```

### Reloading Images

Force a reload of the current image:

```cpp
imageView.Reload();
```
